2025-07-02 17:28:03 -  - exec CUpdateClientPartner::GetUpdatesList
2025-07-02 17:28:03 -  - exec CUpdateClientPartner::__CollectRequestData
2025-07-02 17:28:03 -  - utf=Y&lang=ru&stable=Y&CANGZIP=Y&SUPD_DBS=MYSQL&XE=N&CLIENT_SITE=module.loc&LICENSE_KEY=X&SUPD_STS=1&SUPD_URS=0&TYPENC=D&CLIENT_PHPVER=8.3.22&NGINX=Y&dbv=8.4.5&instm=main%2C25.100.500%2CY%3Bb24connector%2C24.0.100%2CN%3Bbitrix.sitecorporate%2C24.0.0%2CN%3Bbitrixcloud%2C25.0.0%2CN%3Bclouds%2C25.100.0%2CN%3Bfileman%2C25.0.0%2CN%3Bhighloadblock%2C24.100.0%2CN%3Biblock%2C25.0.100%2CN%3Blanding%2C24.800.300%2CN%3Blocation%2C25.100.0%2CN%3Bmessageservice%2C24.900.100%2CN%3Bperfmon%2C24.200.0%2CN%3Brest%2C25.300.100%2CN%3Bsearch%2C25.0.0%2CN%3Bsecurity%2C24.0.300%2CN%3Bseo%2C24.700.100%2CN%3Bsocialservices%2C24.200.100%2CN%3Btranslate%2C25.0.0%2CN%3Bui%2C25.50.200%2CN&reqm=bitrix.sitecorporate&fullmoduleinfo=Y&SUPD_SRS=RU&SUPD_CMP=N
2025-07-02 17:28:03 -  - exec CUpdateClientPartner::GetHTTPPage
2025-07-02 17:28:04 -  - TIME GetUpdatesList(request) 0.428 sec
2025-07-02 17:28:04 -  - exec CUpdateClientPartner::ParseServerData
2025-07-02 17:29:37 -  - exec CUpdateClientPartner::GetUpdatesList
2025-07-02 17:29:37 -  - exec CUpdateClientPartner::__CollectRequestData
2025-07-02 17:29:37 -  - utf=Y&lang=ru&stable=Y&CANGZIP=Y&SUPD_DBS=MYSQL&XE=N&CLIENT_SITE=module.loc&LICENSE_KEY=X&SUPD_STS=1&SUPD_URS=0&TYPENC=D&CLIENT_PHPVER=8.3.22&NGINX=Y&dbv=8.4.5&instm=main%2C25.100.500%2CY%3Bb24connector%2C24.0.100%2CN%3Bbitrix.sitecorporate%2C24.0.0%2CN%3Bbitrixcloud%2C25.0.0%2CN%3Bclouds%2C25.100.0%2CN%3Bfileman%2C25.0.0%2CN%3Bhighloadblock%2C24.100.0%2CN%3Biblock%2C25.0.100%2CN%3Blanding%2C24.800.300%2CN%3Blocation%2C25.100.0%2CN%3Bmessageservice%2C24.900.100%2CN%3Bperfmon%2C24.200.0%2CN%3Brest%2C25.300.100%2CN%3Bsearch%2C25.0.0%2CN%3Bsecurity%2C24.0.300%2CN%3Bseo%2C24.700.100%2CN%3Bsocialservices%2C24.200.100%2CN%3Btranslate%2C25.0.0%2CN%3Bui%2C25.50.200%2CN&reqm=bitrix.sitecorporate&SUPD_SRS=RU&SUPD_CMP=N
2025-07-02 17:29:37 -  - exec CUpdateClientPartner::GetHTTPPage
2025-07-02 17:29:37 -  - TIME GetUpdatesList(request) 0.291 sec
2025-07-02 17:29:37 -  - exec CUpdateClientPartner::ParseServerData
2025-07-03 00:12:30 - Ux11 - Ошибка описания модуля "phpcatcom.testmodule"
2025-07-03 00:12:30 -  - exec CUpdateClientPartner::GetUpdatesList
2025-07-03 00:12:30 -  - exec CUpdateClientPartner::__CollectRequestData
2025-07-03 00:12:30 - Ux11 - Ошибка описания модуля "phpcatcom.testmodule"
2025-07-03 00:12:30 - NCRD01 - [Ux11] Ошибка описания модуля "phpcatcom.testmodule". 
2025-07-03 00:12:30 - GUL01 - Empty query list
2025-07-03 00:12:30 - Ux11 - Ошибка описания модуля "phpcatcom.testmodule"
2025-07-03 00:14:43 - Ux11 - Ошибка описания модуля "phpcatcom.testmodule"
2025-07-03 00:14:43 -  - exec CUpdateClientPartner::GetUpdatesList
2025-07-03 00:14:43 -  - exec CUpdateClientPartner::__CollectRequestData
2025-07-03 00:14:43 - Ux11 - Ошибка описания модуля "phpcatcom.testmodule"
2025-07-03 00:14:43 - NCRD01 - [Ux11] Ошибка описания модуля "phpcatcom.testmodule". 
2025-07-03 00:14:43 - GUL01 - Empty query list
2025-07-03 00:14:43 - Ux11 - Ошибка описания модуля "phpcatcom.testmodule"
2025-07-03 00:14:44 - Ux11 - Ошибка описания модуля "phpcatcom.testmodule"
2025-07-03 00:14:44 -  - exec CUpdateClientPartner::GetUpdatesList
2025-07-03 00:14:44 -  - exec CUpdateClientPartner::__CollectRequestData
2025-07-03 00:14:44 - Ux11 - Ошибка описания модуля "phpcatcom.testmodule"
2025-07-03 00:14:44 - NCRD01 - [Ux11] Ошибка описания модуля "phpcatcom.testmodule". 
2025-07-03 00:14:44 - GUL01 - Empty query list
2025-07-03 00:14:44 - Ux11 - Ошибка описания модуля "phpcatcom.testmodule"
2025-07-03 00:14:45 - Ux11 - Ошибка описания модуля "phpcatcom.testmodule"
2025-07-03 00:14:45 -  - exec CUpdateClientPartner::GetUpdatesList
2025-07-03 00:14:45 -  - exec CUpdateClientPartner::__CollectRequestData
2025-07-03 00:14:45 - Ux11 - Ошибка описания модуля "phpcatcom.testmodule"
2025-07-03 00:14:45 - NCRD01 - [Ux11] Ошибка описания модуля "phpcatcom.testmodule". 
2025-07-03 00:14:45 - GUL01 - Empty query list
2025-07-03 00:14:45 - Ux11 - Ошибка описания модуля "phpcatcom.testmodule"
2025-07-03 00:16:46 - Ux11 - Ошибка описания модуля "phpcatcom.testmodule"
2025-07-03 00:16:46 -  - exec CUpdateClientPartner::GetUpdatesList
2025-07-03 00:16:46 -  - exec CUpdateClientPartner::__CollectRequestData
2025-07-03 00:16:46 - Ux11 - Ошибка описания модуля "phpcatcom.testmodule"
2025-07-03 00:16:46 - NCRD01 - [Ux11] Ошибка описания модуля "phpcatcom.testmodule". 
2025-07-03 00:16:46 - GUL01 - Empty query list
2025-07-03 00:16:46 - Ux11 - Ошибка описания модуля "phpcatcom.testmodule"
2025-07-03 00:16:48 - Ux11 - Ошибка описания модуля "phpcatcom.testmodule"
2025-07-03 00:16:48 -  - exec CUpdateClientPartner::GetUpdatesList
2025-07-03 00:16:48 -  - exec CUpdateClientPartner::__CollectRequestData
2025-07-03 00:16:48 - Ux11 - Ошибка описания модуля "phpcatcom.testmodule"
2025-07-03 00:16:48 - NCRD01 - [Ux11] Ошибка описания модуля "phpcatcom.testmodule". 
2025-07-03 00:16:48 - GUL01 - Empty query list
2025-07-03 00:16:48 - Ux11 - Ошибка описания модуля "phpcatcom.testmodule"
2025-07-03 00:17:28 - Ux11 - Ошибка описания модуля "phpcatcom.testmodule"
2025-07-03 00:17:28 -  - exec CUpdateClientPartner::GetUpdatesList
2025-07-03 00:17:28 -  - exec CUpdateClientPartner::__CollectRequestData
2025-07-03 00:17:28 - Ux11 - Ошибка описания модуля "phpcatcom.testmodule"
2025-07-03 00:17:28 - NCRD01 - [Ux11] Ошибка описания модуля "phpcatcom.testmodule". 
2025-07-03 00:17:28 - GUL01 - Empty query list
2025-07-03 00:17:28 - Ux11 - Ошибка описания модуля "phpcatcom.testmodule"
2025-07-03 00:17:31 - Ux11 - Ошибка описания модуля "phpcatcom.testmodule"
2025-07-03 00:17:31 -  - exec CUpdateClientPartner::GetUpdatesList
2025-07-03 00:17:31 -  - exec CUpdateClientPartner::__CollectRequestData
2025-07-03 00:17:31 - Ux11 - Ошибка описания модуля "phpcatcom.testmodule"
2025-07-03 00:17:31 - NCRD01 - [Ux11] Ошибка описания модуля "phpcatcom.testmodule". 
2025-07-03 00:17:31 - GUL01 - Empty query list
2025-07-03 00:17:31 - Ux11 - Ошибка описания модуля "phpcatcom.testmodule"
2025-07-03 00:17:33 - Ux11 - Ошибка описания модуля "phpcatcom.testmodule"
2025-07-03 00:17:33 -  - exec CUpdateClientPartner::GetUpdatesList
2025-07-03 00:17:33 -  - exec CUpdateClientPartner::__CollectRequestData
2025-07-03 00:17:33 - Ux11 - Ошибка описания модуля "phpcatcom.testmodule"
2025-07-03 00:17:33 - NCRD01 - [Ux11] Ошибка описания модуля "phpcatcom.testmodule". 
2025-07-03 00:17:33 - GUL01 - Empty query list
2025-07-03 00:17:33 - Ux11 - Ошибка описания модуля "phpcatcom.testmodule"
2025-07-03 00:17:35 - Ux11 - Ошибка описания модуля "phpcatcom.testmodule"
2025-07-03 00:17:35 -  - exec CUpdateClientPartner::GetUpdatesList
2025-07-03 00:17:35 -  - exec CUpdateClientPartner::__CollectRequestData
2025-07-03 00:17:35 - Ux11 - Ошибка описания модуля "phpcatcom.testmodule"
2025-07-03 00:17:35 - NCRD01 - [Ux11] Ошибка описания модуля "phpcatcom.testmodule". 
2025-07-03 00:17:35 - GUL01 - Empty query list
2025-07-03 00:17:35 - Ux11 - Ошибка описания модуля "phpcatcom.testmodule"
2025-07-03 00:17:41 - Ux11 - Ошибка описания модуля "phpcatcom.testmodule"
2025-07-03 00:17:41 -  - exec CUpdateClientPartner::GetUpdatesList
2025-07-03 00:17:41 -  - exec CUpdateClientPartner::__CollectRequestData
2025-07-03 00:17:41 - Ux11 - Ошибка описания модуля "phpcatcom.testmodule"
2025-07-03 00:17:41 - NCRD01 - [Ux11] Ошибка описания модуля "phpcatcom.testmodule". 
2025-07-03 00:17:41 - GUL01 - Empty query list
2025-07-03 00:17:41 - Ux11 - Ошибка описания модуля "phpcatcom.testmodule"
2025-07-03 00:17:45 - Ux11 - Ошибка описания модуля "phpcatcom.testmodule"
2025-07-03 00:17:45 -  - exec CUpdateClientPartner::GetUpdatesList
2025-07-03 00:17:45 -  - exec CUpdateClientPartner::__CollectRequestData
2025-07-03 00:17:45 - Ux11 - Ошибка описания модуля "phpcatcom.testmodule"
2025-07-03 00:17:45 - NCRD01 - [Ux11] Ошибка описания модуля "phpcatcom.testmodule". 
2025-07-03 00:17:45 - GUL01 - Empty query list
2025-07-03 00:17:45 - Ux11 - Ошибка описания модуля "phpcatcom.testmodule"
2025-07-03 00:17:51 - Ux11 - Ошибка описания модуля "phpcatcom.testmodule"
2025-07-03 00:17:51 -  - exec CUpdateClientPartner::GetUpdatesList
2025-07-03 00:17:51 -  - exec CUpdateClientPartner::__CollectRequestData
2025-07-03 00:17:51 - Ux11 - Ошибка описания модуля "phpcatcom.testmodule"
2025-07-03 00:17:51 - NCRD01 - [Ux11] Ошибка описания модуля "phpcatcom.testmodule". 
2025-07-03 00:17:51 - GUL01 - Empty query list
2025-07-03 00:17:51 - Ux11 - Ошибка описания модуля "phpcatcom.testmodule"
2025-07-03 00:17:52 - Ux11 - Ошибка описания модуля "phpcatcom.testmodule"
2025-07-03 00:17:52 -  - exec CUpdateClientPartner::GetUpdatesList
2025-07-03 00:17:52 -  - exec CUpdateClientPartner::__CollectRequestData
2025-07-03 00:17:52 - Ux11 - Ошибка описания модуля "phpcatcom.testmodule"
2025-07-03 00:17:52 - NCRD01 - [Ux11] Ошибка описания модуля "phpcatcom.testmodule". 
2025-07-03 00:17:52 - GUL01 - Empty query list
2025-07-03 00:17:52 - Ux11 - Ошибка описания модуля "phpcatcom.testmodule"
2025-07-03 00:18:11 - Ux11 - Ошибка описания модуля "phpcatcom.testmodule"
2025-07-03 00:18:11 -  - exec CUpdateClientPartner::GetUpdatesList
2025-07-03 00:18:11 -  - exec CUpdateClientPartner::__CollectRequestData
2025-07-03 00:18:11 - Ux11 - Ошибка описания модуля "phpcatcom.testmodule"
2025-07-03 00:18:11 - NCRD01 - [Ux11] Ошибка описания модуля "phpcatcom.testmodule". 
2025-07-03 00:18:11 - GUL01 - Empty query list
2025-07-03 00:18:11 - Ux11 - Ошибка описания модуля "phpcatcom.testmodule"
2025-07-03 00:18:13 - Ux11 - Ошибка описания модуля "phpcatcom.testmodule"
2025-07-03 00:18:13 -  - exec CUpdateClientPartner::GetUpdatesList
2025-07-03 00:18:13 -  - exec CUpdateClientPartner::__CollectRequestData
2025-07-03 00:18:13 - Ux11 - Ошибка описания модуля "phpcatcom.testmodule"
2025-07-03 00:18:13 - NCRD01 - [Ux11] Ошибка описания модуля "phpcatcom.testmodule". 
2025-07-03 00:18:13 - GUL01 - Empty query list
2025-07-03 00:18:13 - Ux11 - Ошибка описания модуля "phpcatcom.testmodule"
2025-07-03 00:20:30 - Ux11 - Ошибка описания модуля "phpcatcom.testmodule"
2025-07-03 00:20:30 -  - exec CUpdateClientPartner::GetUpdatesList
2025-07-03 00:20:30 -  - exec CUpdateClientPartner::__CollectRequestData
2025-07-03 00:20:30 - Ux11 - Ошибка описания модуля "phpcatcom.testmodule"
2025-07-03 00:20:30 - NCRD01 - [Ux11] Ошибка описания модуля "phpcatcom.testmodule". 
2025-07-03 00:20:30 - GUL01 - Empty query list
2025-07-03 00:20:30 - Ux11 - Ошибка описания модуля "phpcatcom.testmodule"
2025-07-03 00:21:19 - Ux11 - Ошибка описания модуля "phpcatcom.testmodule"
2025-07-03 00:21:19 -  - exec CUpdateClientPartner::GetUpdatesList
2025-07-03 00:21:19 -  - exec CUpdateClientPartner::__CollectRequestData
2025-07-03 00:21:19 - Ux11 - Ошибка описания модуля "phpcatcom.testmodule"
2025-07-03 00:21:19 - NCRD01 - [Ux11] Ошибка описания модуля "phpcatcom.testmodule". 
2025-07-03 00:21:19 - GUL01 - Empty query list
2025-07-03 00:21:19 - Ux11 - Ошибка описания модуля "phpcatcom.testmodule"
2025-07-03 00:21:31 - Ux11 - Ошибка описания модуля "phpcatcom.testmodule"
2025-07-03 00:21:31 -  - exec CUpdateClientPartner::GetUpdatesList
2025-07-03 00:21:31 -  - exec CUpdateClientPartner::__CollectRequestData
2025-07-03 00:21:31 - Ux11 - Ошибка описания модуля "phpcatcom.testmodule"
2025-07-03 00:21:31 - NCRD01 - [Ux11] Ошибка описания модуля "phpcatcom.testmodule". 
2025-07-03 00:21:31 - GUL01 - Empty query list
2025-07-03 00:21:31 - Ux11 - Ошибка описания модуля "phpcatcom.testmodule"
2025-07-03 00:21:33 - Ux11 - Ошибка описания модуля "phpcatcom.testmodule"
2025-07-03 00:21:33 -  - exec CUpdateClientPartner::GetUpdatesList
2025-07-03 00:21:33 -  - exec CUpdateClientPartner::__CollectRequestData
2025-07-03 00:21:33 - Ux11 - Ошибка описания модуля "phpcatcom.testmodule"
2025-07-03 00:21:33 - NCRD01 - [Ux11] Ошибка описания модуля "phpcatcom.testmodule". 
2025-07-03 00:21:33 - GUL01 - Empty query list
2025-07-03 00:21:33 - Ux11 - Ошибка описания модуля "phpcatcom.testmodule"
2025-07-03 00:22:41 - Ux11 - Ошибка описания модуля "phpcatcom.testmodule"
2025-07-03 00:22:41 -  - exec CUpdateClientPartner::GetUpdatesList
2025-07-03 00:22:41 -  - exec CUpdateClientPartner::__CollectRequestData
2025-07-03 00:22:41 - Ux11 - Ошибка описания модуля "phpcatcom.testmodule"
2025-07-03 00:22:41 - NCRD01 - [Ux11] Ошибка описания модуля "phpcatcom.testmodule". 
2025-07-03 00:22:41 - GUL01 - Empty query list
2025-07-03 00:22:41 - Ux11 - Ошибка описания модуля "phpcatcom.testmodule"
2025-07-03 00:25:51 - Ux11 - Ошибка описания модуля "phpcatcom.testmodule"
2025-07-03 00:25:51 -  - exec CUpdateClientPartner::GetUpdatesList
2025-07-03 00:25:51 -  - exec CUpdateClientPartner::__CollectRequestData
2025-07-03 00:25:51 - Ux11 - Ошибка описания модуля "phpcatcom.testmodule"
2025-07-03 00:25:51 - NCRD01 - [Ux11] Ошибка описания модуля "phpcatcom.testmodule". 
2025-07-03 00:25:51 - GUL01 - Empty query list
2025-07-03 00:25:51 - Ux11 - Ошибка описания модуля "phpcatcom.testmodule"
2025-07-03 00:27:43 - Ux11 - Ошибка описания модуля "phpcatcom.testmodule"
2025-07-03 00:27:43 -  - exec CUpdateClientPartner::GetUpdatesList
2025-07-03 00:27:43 -  - exec CUpdateClientPartner::__CollectRequestData
2025-07-03 00:27:43 - Ux11 - Ошибка описания модуля "phpcatcom.testmodule"
2025-07-03 00:27:43 - NCRD01 - [Ux11] Ошибка описания модуля "phpcatcom.testmodule". 
2025-07-03 00:27:43 - GUL01 - Empty query list
2025-07-03 00:27:43 - Ux11 - Ошибка описания модуля "phpcatcom.testmodule"
2025-07-03 00:27:51 - Ux11 - Ошибка описания модуля "phpcatcom.testmodule"
2025-07-03 00:27:51 -  - exec CUpdateClientPartner::GetUpdatesList
2025-07-03 00:27:51 -  - exec CUpdateClientPartner::__CollectRequestData
2025-07-03 00:27:51 - Ux11 - Ошибка описания модуля "phpcatcom.testmodule"
2025-07-03 00:27:51 - NCRD01 - [Ux11] Ошибка описания модуля "phpcatcom.testmodule". 
2025-07-03 00:27:51 - GUL01 - Empty query list
2025-07-03 00:27:51 - Ux11 - Ошибка описания модуля "phpcatcom.testmodule"
2025-07-03 00:30:52 - Ux11 - Ошибка описания модуля "phpcatcom.testmodule"
2025-07-03 00:30:52 -  - exec CUpdateClientPartner::GetUpdatesList
2025-07-03 00:30:52 -  - exec CUpdateClientPartner::__CollectRequestData
2025-07-03 00:30:52 - Ux11 - Ошибка описания модуля "phpcatcom.testmodule"
2025-07-03 00:30:52 - NCRD01 - [Ux11] Ошибка описания модуля "phpcatcom.testmodule". 
2025-07-03 00:30:52 - GUL01 - Empty query list
2025-07-03 00:30:52 - Ux11 - Ошибка описания модуля "phpcatcom.testmodule"
2025-07-03 00:30:54 - Ux11 - Ошибка описания модуля "phpcatcom.testmodule"
2025-07-03 00:30:54 -  - exec CUpdateClientPartner::GetUpdatesList
2025-07-03 00:30:54 -  - exec CUpdateClientPartner::__CollectRequestData
2025-07-03 00:30:54 - Ux11 - Ошибка описания модуля "phpcatcom.testmodule"
2025-07-03 00:30:54 - NCRD01 - [Ux11] Ошибка описания модуля "phpcatcom.testmodule". 
2025-07-03 00:30:54 - GUL01 - Empty query list
2025-07-03 00:30:54 - Ux11 - Ошибка описания модуля "phpcatcom.testmodule"
2025-07-03 00:30:55 - Ux11 - Ошибка описания модуля "phpcatcom.testmodule"
2025-07-03 00:30:55 -  - exec CUpdateClientPartner::GetUpdatesList
2025-07-03 00:30:55 -  - exec CUpdateClientPartner::__CollectRequestData
2025-07-03 00:30:55 - Ux11 - Ошибка описания модуля "phpcatcom.testmodule"
2025-07-03 00:30:55 - NCRD01 - [Ux11] Ошибка описания модуля "phpcatcom.testmodule". 
2025-07-03 00:30:55 - GUL01 - Empty query list
2025-07-03 00:30:55 - Ux11 - Ошибка описания модуля "phpcatcom.testmodule"
2025-07-03 00:31:25 - Ux11 - Ошибка описания модуля "phpcatcom.testmodule"
2025-07-03 00:31:25 -  - exec CUpdateClientPartner::GetUpdatesList
2025-07-03 00:31:25 -  - exec CUpdateClientPartner::__CollectRequestData
2025-07-03 00:31:25 - Ux11 - Ошибка описания модуля "phpcatcom.testmodule"
2025-07-03 00:31:25 - NCRD01 - [Ux11] Ошибка описания модуля "phpcatcom.testmodule". 
2025-07-03 00:31:25 - GUL01 - Empty query list
2025-07-03 00:31:25 - Ux11 - Ошибка описания модуля "phpcatcom.testmodule"
2025-07-03 00:31:27 - Ux11 - Ошибка описания модуля "phpcatcom.testmodule"
2025-07-03 00:31:27 -  - exec CUpdateClientPartner::GetUpdatesList
2025-07-03 00:31:27 -  - exec CUpdateClientPartner::__CollectRequestData
2025-07-03 00:31:27 - Ux11 - Ошибка описания модуля "phpcatcom.testmodule"
2025-07-03 00:31:27 - NCRD01 - [Ux11] Ошибка описания модуля "phpcatcom.testmodule". 
2025-07-03 00:31:27 - GUL01 - Empty query list
2025-07-03 00:31:27 - Ux11 - Ошибка описания модуля "phpcatcom.testmodule"
2025-07-03 00:31:35 - Ux11 - Ошибка описания модуля "phpcatcom.testmodule"
2025-07-03 00:31:35 -  - exec CUpdateClientPartner::GetUpdatesList
2025-07-03 00:31:35 -  - exec CUpdateClientPartner::__CollectRequestData
2025-07-03 00:31:35 - Ux11 - Ошибка описания модуля "phpcatcom.testmodule"
2025-07-03 00:31:35 - NCRD01 - [Ux11] Ошибка описания модуля "phpcatcom.testmodule". 
2025-07-03 00:31:35 - GUL01 - Empty query list
2025-07-03 00:31:35 - Ux11 - Ошибка описания модуля "phpcatcom.testmodule"
2025-07-03 00:31:37 - Ux11 - Ошибка описания модуля "phpcatcom.testmodule"
2025-07-03 00:31:37 -  - exec CUpdateClientPartner::GetUpdatesList
2025-07-03 00:31:37 -  - exec CUpdateClientPartner::__CollectRequestData
2025-07-03 00:31:37 - Ux11 - Ошибка описания модуля "phpcatcom.testmodule"
2025-07-03 00:31:37 - NCRD01 - [Ux11] Ошибка описания модуля "phpcatcom.testmodule". 
2025-07-03 00:31:37 - GUL01 - Empty query list
2025-07-03 00:31:37 - Ux11 - Ошибка описания модуля "phpcatcom.testmodule"
2025-07-03 00:31:39 - Ux11 - Ошибка описания модуля "phpcatcom.testmodule"
2025-07-03 00:31:39 -  - exec CUpdateClientPartner::GetUpdatesList
2025-07-03 00:31:39 -  - exec CUpdateClientPartner::__CollectRequestData
2025-07-03 00:31:39 - Ux11 - Ошибка описания модуля "phpcatcom.testmodule"
2025-07-03 00:31:39 - NCRD01 - [Ux11] Ошибка описания модуля "phpcatcom.testmodule". 
2025-07-03 00:31:39 - GUL01 - Empty query list
2025-07-03 00:31:39 - Ux11 - Ошибка описания модуля "phpcatcom.testmodule"
2025-07-03 00:36:49 - Ux11 - Ошибка описания модуля "phpcatcom.testmodule"
2025-07-03 00:36:49 -  - exec CUpdateClientPartner::GetUpdatesList
2025-07-03 00:36:49 -  - exec CUpdateClientPartner::__CollectRequestData
2025-07-03 00:36:49 - Ux11 - Ошибка описания модуля "phpcatcom.testmodule"
2025-07-03 00:36:49 - NCRD01 - [Ux11] Ошибка описания модуля "phpcatcom.testmodule". 
2025-07-03 00:36:49 - GUL01 - Empty query list
2025-07-03 00:36:49 - Ux11 - Ошибка описания модуля "phpcatcom.testmodule"
2025-07-03 00:36:53 - Ux11 - Ошибка описания модуля "phpcatcom.testmodule"
2025-07-03 00:36:53 -  - exec CUpdateClientPartner::GetUpdatesList
2025-07-03 00:36:53 -  - exec CUpdateClientPartner::__CollectRequestData
2025-07-03 00:36:53 - Ux11 - Ошибка описания модуля "phpcatcom.testmodule"
2025-07-03 00:36:53 - NCRD01 - [Ux11] Ошибка описания модуля "phpcatcom.testmodule". 
2025-07-03 00:36:53 - GUL01 - Empty query list
2025-07-03 00:36:53 - Ux11 - Ошибка описания модуля "phpcatcom.testmodule"
2025-07-03 00:54:26 - Ux12 - Ошибка описания модуля "1"
2025-07-03 00:54:26 -  - exec CUpdateClientPartner::GetUpdatesList
2025-07-03 00:54:26 -  - exec CUpdateClientPartner::__CollectRequestData
2025-07-03 00:54:26 - Ux12 - Ошибка описания модуля "1"
2025-07-03 00:54:26 -  - utf=Y&lang=ru&stable=Y&CANGZIP=Y&SUPD_DBS=MYSQL&XE=N&CLIENT_SITE=module.loc&LICENSE_KEY=X&SUPD_STS=1&SUPD_URS=0&TYPENC=D&CLIENT_PHPVER=8.3.22&NGINX=Y&dbv=8.4.5&instm=main%2C25.100.500%2CY%3Bb24connector%2C24.0.100%2CN%3Bbitrix.sitecorporate%2C24.0.0%2CN%3Bbitrixcloud%2C25.0.0%2CN%3Bclouds%2C25.100.0%2CN%3Bfileman%2C25.0.0%2CN%3Bhighloadblock%2C24.100.0%2CN%3Biblock%2C25.0.100%2CN%3Blanding%2C24.800.300%2CN%3Blocation%2C25.100.0%2CN%3Bmessageservice%2C24.900.100%2CN%3Bperfmon%2C24.200.0%2CN%3Brest%2C25.300.100%2CN%3Bsearch%2C25.0.0%2CN%3Bsecurity%2C24.0.300%2CN%3Bseo%2C24.700.100%2CN%3Bsocialservices%2C24.200.100%2CN%3Btranslate%2C25.0.0%2CN%3Bui%2C25.50.200%2CN&reqm=bitrix.sitecorporate&fullmoduleinfo=Y&SUPD_SRS=RU&SUPD_CMP=N
2025-07-03 00:54:26 -  - exec CUpdateClientPartner::GetHTTPPage
2025-07-03 00:54:33 -  - TIME GetUpdatesList(request) 6.616 sec
2025-07-03 00:54:33 -  - exec CUpdateClientPartner::ParseServerData
2025-07-03 00:54:33 - Ux12 - Ошибка описания модуля "1"
2025-07-03 00:55:14 - Ux12 - Ошибка описания модуля "1"
2025-07-03 00:55:14 -  - exec CUpdateClientPartner::GetUpdatesList
2025-07-03 00:55:14 -  - exec CUpdateClientPartner::__CollectRequestData
2025-07-03 00:55:14 - Ux12 - Ошибка описания модуля "1"
2025-07-03 00:55:14 -  - utf=Y&lang=ru&stable=Y&CANGZIP=Y&SUPD_DBS=MYSQL&XE=N&CLIENT_SITE=module.loc&LICENSE_KEY=X&SUPD_STS=1&SUPD_URS=0&TYPENC=D&CLIENT_PHPVER=8.3.22&NGINX=Y&dbv=8.4.5&instm=main%2C25.100.500%2CY%3Bb24connector%2C24.0.100%2CN%3Bbitrix.sitecorporate%2C24.0.0%2CN%3Bbitrixcloud%2C25.0.0%2CN%3Bclouds%2C25.100.0%2CN%3Bfileman%2C25.0.0%2CN%3Bhighloadblock%2C24.100.0%2CN%3Biblock%2C25.0.100%2CN%3Blanding%2C24.800.300%2CN%3Blocation%2C25.100.0%2CN%3Bmessageservice%2C24.900.100%2CN%3Bperfmon%2C24.200.0%2CN%3Brest%2C25.300.100%2CN%3Bsearch%2C25.0.0%2CN%3Bsecurity%2C24.0.300%2CN%3Bseo%2C24.700.100%2CN%3Bsocialservices%2C24.200.100%2CN%3Btranslate%2C25.0.0%2CN%3Bui%2C25.50.200%2CN&reqm=bitrix.sitecorporate&fullmoduleinfo=Y&SUPD_SRS=RU&SUPD_CMP=N
2025-07-03 00:55:14 -  - exec CUpdateClientPartner::GetHTTPPage
2025-07-03 00:55:14 -  - TIME GetUpdatesList(request) 0.313 sec
2025-07-03 00:55:14 -  - exec CUpdateClientPartner::ParseServerData
2025-07-03 00:55:14 - Ux12 - Ошибка описания модуля "1"
2025-07-03 00:55:15 - Ux12 - Ошибка описания модуля "1"
2025-07-03 00:55:15 -  - exec CUpdateClientPartner::GetUpdatesList
2025-07-03 00:55:15 -  - exec CUpdateClientPartner::__CollectRequestData
2025-07-03 00:55:15 - Ux12 - Ошибка описания модуля "1"
2025-07-03 00:55:15 -  - utf=Y&lang=ru&stable=Y&CANGZIP=Y&SUPD_DBS=MYSQL&XE=N&CLIENT_SITE=module.loc&LICENSE_KEY=X&SUPD_STS=1&SUPD_URS=0&TYPENC=D&CLIENT_PHPVER=8.3.22&NGINX=Y&dbv=8.4.5&instm=main%2C25.100.500%2CY%3Bb24connector%2C24.0.100%2CN%3Bbitrix.sitecorporate%2C24.0.0%2CN%3Bbitrixcloud%2C25.0.0%2CN%3Bclouds%2C25.100.0%2CN%3Bfileman%2C25.0.0%2CN%3Bhighloadblock%2C24.100.0%2CN%3Biblock%2C25.0.100%2CN%3Blanding%2C24.800.300%2CN%3Blocation%2C25.100.0%2CN%3Bmessageservice%2C24.900.100%2CN%3Bperfmon%2C24.200.0%2CN%3Brest%2C25.300.100%2CN%3Bsearch%2C25.0.0%2CN%3Bsecurity%2C24.0.300%2CN%3Bseo%2C24.700.100%2CN%3Bsocialservices%2C24.200.100%2CN%3Btranslate%2C25.0.0%2CN%3Bui%2C25.50.200%2CN&reqm=bitrix.sitecorporate&fullmoduleinfo=Y&SUPD_SRS=RU&SUPD_CMP=N
2025-07-03 00:55:15 -  - exec CUpdateClientPartner::GetHTTPPage
2025-07-03 00:55:16 -  - TIME GetUpdatesList(request) 0.335 sec
2025-07-03 00:55:16 -  - exec CUpdateClientPartner::ParseServerData
2025-07-03 00:55:16 - Ux12 - Ошибка описания модуля "1"
2025-07-03 00:56:09 - Ux11 - Ошибка описания модуля "phpcatcom.testmodule"
2025-07-03 00:56:09 -  - exec CUpdateClientPartner::GetUpdatesList
2025-07-03 00:56:09 -  - exec CUpdateClientPartner::__CollectRequestData
2025-07-03 00:56:09 - Ux11 - Ошибка описания модуля "phpcatcom.testmodule"
2025-07-03 00:56:09 - NCRD01 - [Ux11] Ошибка описания модуля "phpcatcom.testmodule". 
2025-07-03 00:56:09 - GUL01 - Empty query list
2025-07-03 00:56:09 - Ux11 - Ошибка описания модуля "phpcatcom.testmodule"
2025-07-03 00:58:16 - Ux11 - Ошибка описания модуля "phpcatcom.testmodule"
2025-07-03 00:58:16 -  - exec CUpdateClientPartner::GetUpdatesList
2025-07-03 00:58:16 -  - exec CUpdateClientPartner::__CollectRequestData
2025-07-03 00:58:16 - Ux11 - Ошибка описания модуля "phpcatcom.testmodule"
2025-07-03 00:58:16 - NCRD01 - [Ux11] Ошибка описания модуля "phpcatcom.testmodule". 
2025-07-03 00:58:16 - GUL01 - Empty query list
2025-07-03 00:58:16 - Ux11 - Ошибка описания модуля "phpcatcom.testmodule"
2025-07-03 00:58:18 - Ux11 - Ошибка описания модуля "phpcatcom.testmodule"
2025-07-03 00:58:18 -  - exec CUpdateClientPartner::GetUpdatesList
2025-07-03 00:58:18 -  - exec CUpdateClientPartner::__CollectRequestData
2025-07-03 00:58:18 - Ux11 - Ошибка описания модуля "phpcatcom.testmodule"
2025-07-03 00:58:18 - NCRD01 - [Ux11] Ошибка описания модуля "phpcatcom.testmodule". 
2025-07-03 00:58:18 - GUL01 - Empty query list
2025-07-03 00:58:18 - Ux11 - Ошибка описания модуля "phpcatcom.testmodule"
2025-07-03 01:03:51 - Ux11 - Ошибка описания модуля "phpcatcom.testmodule"
2025-07-03 01:03:51 -  - exec CUpdateClientPartner::GetUpdatesList
2025-07-03 01:03:51 -  - exec CUpdateClientPartner::__CollectRequestData
2025-07-03 01:03:51 - Ux11 - Ошибка описания модуля "phpcatcom.testmodule"
2025-07-03 01:03:51 - NCRD01 - [Ux11] Ошибка описания модуля "phpcatcom.testmodule". 
2025-07-03 01:03:51 - GUL01 - Empty query list
2025-07-03 01:03:51 - Ux11 - Ошибка описания модуля "phpcatcom.testmodule"
2025-07-03 01:03:53 - Ux11 - Ошибка описания модуля "phpcatcom.testmodule"
2025-07-03 01:03:53 -  - exec CUpdateClientPartner::GetUpdatesList
2025-07-03 01:03:53 -  - exec CUpdateClientPartner::__CollectRequestData
2025-07-03 01:03:53 - Ux11 - Ошибка описания модуля "phpcatcom.testmodule"
2025-07-03 01:03:53 - NCRD01 - [Ux11] Ошибка описания модуля "phpcatcom.testmodule". 
2025-07-03 01:03:53 - GUL01 - Empty query list
2025-07-03 01:03:53 - Ux11 - Ошибка описания модуля "phpcatcom.testmodule"
2025-07-03 01:04:00 - Ux11 - Ошибка описания модуля "phpcatcom.testmodule"
2025-07-03 01:04:00 -  - exec CUpdateClientPartner::GetUpdatesList
2025-07-03 01:04:00 -  - exec CUpdateClientPartner::__CollectRequestData
2025-07-03 01:04:00 - Ux11 - Ошибка описания модуля "phpcatcom.testmodule"
2025-07-03 01:04:00 - NCRD01 - [Ux11] Ошибка описания модуля "phpcatcom.testmodule". 
2025-07-03 01:04:00 - GUL01 - Empty query list
2025-07-03 01:04:00 - Ux11 - Ошибка описания модуля "phpcatcom.testmodule"
2025-07-03 01:04:02 - Ux11 - Ошибка описания модуля "phpcatcom.testmodule"
2025-07-03 01:04:02 -  - exec CUpdateClientPartner::GetUpdatesList
2025-07-03 01:04:02 -  - exec CUpdateClientPartner::__CollectRequestData
2025-07-03 01:04:02 - Ux11 - Ошибка описания модуля "phpcatcom.testmodule"
2025-07-03 01:04:02 - NCRD01 - [Ux11] Ошибка описания модуля "phpcatcom.testmodule". 
2025-07-03 01:04:02 - GUL01 - Empty query list
2025-07-03 01:04:02 - Ux11 - Ошибка описания модуля "phpcatcom.testmodule"
2025-07-03 01:04:03 - Ux11 - Ошибка описания модуля "phpcatcom.testmodule"
2025-07-03 01:04:03 -  - exec CUpdateClientPartner::GetUpdatesList
2025-07-03 01:04:03 -  - exec CUpdateClientPartner::__CollectRequestData
2025-07-03 01:04:03 - Ux11 - Ошибка описания модуля "phpcatcom.testmodule"
2025-07-03 01:04:03 - NCRD01 - [Ux11] Ошибка описания модуля "phpcatcom.testmodule". 
2025-07-03 01:04:03 - GUL01 - Empty query list
2025-07-03 01:04:03 - Ux11 - Ошибка описания модуля "phpcatcom.testmodule"
2025-07-03 01:05:45 - Ux11 - Ошибка описания модуля "phpcatcom.testmodule"
2025-07-03 01:05:45 -  - exec CUpdateClientPartner::GetUpdatesList
2025-07-03 01:05:45 -  - exec CUpdateClientPartner::__CollectRequestData
2025-07-03 01:05:45 - Ux11 - Ошибка описания модуля "phpcatcom.testmodule"
2025-07-03 01:05:45 - NCRD01 - [Ux11] Ошибка описания модуля "phpcatcom.testmodule". 
2025-07-03 01:05:45 - GUL01 - Empty query list
2025-07-03 01:05:45 - Ux11 - Ошибка описания модуля "phpcatcom.testmodule"
2025-07-03 01:05:56 - Ux11 - Ошибка описания модуля "phpcatcom.testmodule"
2025-07-03 01:05:56 -  - exec CUpdateClientPartner::GetUpdatesList
2025-07-03 01:05:56 -  - exec CUpdateClientPartner::__CollectRequestData
2025-07-03 01:05:56 - Ux11 - Ошибка описания модуля "phpcatcom.testmodule"
2025-07-03 01:05:56 - NCRD01 - [Ux11] Ошибка описания модуля "phpcatcom.testmodule". 
2025-07-03 01:05:56 - GUL01 - Empty query list
2025-07-03 01:05:56 - Ux11 - Ошибка описания модуля "phpcatcom.testmodule"
2025-07-03 01:07:27 - Ux11 - Ошибка описания модуля "phpcatcom.testmodule"
2025-07-03 01:07:27 -  - exec CUpdateClientPartner::GetUpdatesList
2025-07-03 01:07:27 -  - exec CUpdateClientPartner::__CollectRequestData
2025-07-03 01:07:27 - Ux11 - Ошибка описания модуля "phpcatcom.testmodule"
2025-07-03 01:07:27 - NCRD01 - [Ux11] Ошибка описания модуля "phpcatcom.testmodule". 
2025-07-03 01:07:27 - GUL01 - Empty query list
2025-07-03 01:07:27 - Ux11 - Ошибка описания модуля "phpcatcom.testmodule"
2025-07-03 01:08:27 - Ux11 - Ошибка описания модуля "phpcatcom.testmodule"
2025-07-03 01:08:27 -  - exec CUpdateClientPartner::GetUpdatesList
2025-07-03 01:08:27 -  - exec CUpdateClientPartner::__CollectRequestData
2025-07-03 01:08:27 - Ux11 - Ошибка описания модуля "phpcatcom.testmodule"
2025-07-03 01:08:27 - NCRD01 - [Ux11] Ошибка описания модуля "phpcatcom.testmodule". 
2025-07-03 01:08:27 - GUL01 - Empty query list
2025-07-03 01:08:27 - Ux11 - Ошибка описания модуля "phpcatcom.testmodule"
2025-07-03 01:09:13 - Ux11 - Ошибка описания модуля "phpcatcom.testmodule"
2025-07-03 01:09:13 -  - exec CUpdateClientPartner::GetUpdatesList
2025-07-03 01:09:13 -  - exec CUpdateClientPartner::__CollectRequestData
2025-07-03 01:09:13 - Ux11 - Ошибка описания модуля "phpcatcom.testmodule"
2025-07-03 01:09:13 - NCRD01 - [Ux11] Ошибка описания модуля "phpcatcom.testmodule". 
2025-07-03 01:09:13 - GUL01 - Empty query list
2025-07-03 01:09:13 - Ux11 - Ошибка описания модуля "phpcatcom.testmodule"
2025-07-03 01:11:17 - Ux11 - Ошибка описания модуля "phpcatcom.testmodule"
2025-07-03 01:11:17 -  - exec CUpdateClientPartner::GetUpdatesList
2025-07-03 01:11:17 -  - exec CUpdateClientPartner::__CollectRequestData
2025-07-03 01:11:17 - Ux11 - Ошибка описания модуля "phpcatcom.testmodule"
2025-07-03 01:11:17 - NCRD01 - [Ux11] Ошибка описания модуля "phpcatcom.testmodule". 
2025-07-03 01:11:17 - GUL01 - Empty query list
2025-07-03 01:11:17 - Ux11 - Ошибка описания модуля "phpcatcom.testmodule"
2025-07-03 01:11:27 - Ux11 - Ошибка описания модуля "phpcatcom.testmodule"
2025-07-03 01:11:27 -  - exec CUpdateClientPartner::GetUpdatesList
2025-07-03 01:11:27 -  - exec CUpdateClientPartner::__CollectRequestData
2025-07-03 01:11:27 - Ux11 - Ошибка описания модуля "phpcatcom.testmodule"
2025-07-03 01:11:27 - NCRD01 - [Ux11] Ошибка описания модуля "phpcatcom.testmodule". 
2025-07-03 01:11:27 - GUL01 - Empty query list
2025-07-03 01:11:27 - Ux11 - Ошибка описания модуля "phpcatcom.testmodule"
2025-07-03 01:11:37 - Ux11 - Ошибка описания модуля "phpcatcom.testmodule"
2025-07-03 01:11:37 -  - exec CUpdateClientPartner::GetUpdatesList
2025-07-03 01:11:37 -  - exec CUpdateClientPartner::__CollectRequestData
2025-07-03 01:11:37 - Ux11 - Ошибка описания модуля "phpcatcom.testmodule"
2025-07-03 01:11:37 - NCRD01 - [Ux11] Ошибка описания модуля "phpcatcom.testmodule". 
2025-07-03 01:11:37 - GUL01 - Empty query list
2025-07-03 01:11:37 - Ux11 - Ошибка описания модуля "phpcatcom.testmodule"
2025-07-03 01:11:52 - Ux11 - Ошибка описания модуля "phpcatcom.testmodule"
2025-07-03 01:11:52 -  - exec CUpdateClientPartner::GetUpdatesList
2025-07-03 01:11:52 -  - exec CUpdateClientPartner::__CollectRequestData
2025-07-03 01:11:52 - Ux11 - Ошибка описания модуля "phpcatcom.testmodule"
2025-07-03 01:11:52 - NCRD01 - [Ux11] Ошибка описания модуля "phpcatcom.testmodule". 
2025-07-03 01:11:52 - GUL01 - Empty query list
2025-07-03 01:11:52 - Ux11 - Ошибка описания модуля "phpcatcom.testmodule"
2025-07-03 01:12:00 - Ux11 - Ошибка описания модуля "phpcatcom.testmodule"
2025-07-03 01:12:00 -  - exec CUpdateClientPartner::GetUpdatesList
2025-07-03 01:12:00 -  - exec CUpdateClientPartner::__CollectRequestData
2025-07-03 01:12:00 - Ux11 - Ошибка описания модуля "phpcatcom.testmodule"
2025-07-03 01:12:00 - NCRD01 - [Ux11] Ошибка описания модуля "phpcatcom.testmodule". 
2025-07-03 01:12:00 - GUL01 - Empty query list
2025-07-03 01:12:00 - Ux11 - Ошибка описания модуля "phpcatcom.testmodule"
2025-07-03 01:13:15 - Ux11 - Ошибка описания модуля "phpcatcom.testmodule"
2025-07-03 01:13:15 -  - exec CUpdateClientPartner::GetUpdatesList
2025-07-03 01:13:15 -  - exec CUpdateClientPartner::__CollectRequestData
2025-07-03 01:13:15 - Ux11 - Ошибка описания модуля "phpcatcom.testmodule"
2025-07-03 01:13:15 - NCRD01 - [Ux11] Ошибка описания модуля "phpcatcom.testmodule". 
2025-07-03 01:13:15 - GUL01 - Empty query list
2025-07-03 01:13:15 - Ux11 - Ошибка описания модуля "phpcatcom.testmodule"
2025-07-03 01:13:16 - Ux11 - Ошибка описания модуля "phpcatcom.testmodule"
2025-07-03 01:13:16 -  - exec CUpdateClientPartner::GetUpdatesList
2025-07-03 01:13:16 -  - exec CUpdateClientPartner::__CollectRequestData
2025-07-03 01:13:16 - Ux11 - Ошибка описания модуля "phpcatcom.testmodule"
2025-07-03 01:13:16 - NCRD01 - [Ux11] Ошибка описания модуля "phpcatcom.testmodule". 
2025-07-03 01:13:16 - GUL01 - Empty query list
2025-07-03 01:13:16 - Ux11 - Ошибка описания модуля "phpcatcom.testmodule"
2025-07-03 01:13:17 - Ux11 - Ошибка описания модуля "phpcatcom.testmodule"
2025-07-03 01:13:17 -  - exec CUpdateClientPartner::GetUpdatesList
2025-07-03 01:13:17 -  - exec CUpdateClientPartner::__CollectRequestData
2025-07-03 01:13:17 - Ux11 - Ошибка описания модуля "phpcatcom.testmodule"
2025-07-03 01:13:17 - NCRD01 - [Ux11] Ошибка описания модуля "phpcatcom.testmodule". 
2025-07-03 01:13:17 - GUL01 - Empty query list
2025-07-03 01:13:17 - Ux11 - Ошибка описания модуля "phpcatcom.testmodule"
2025-07-03 01:14:06 - Ux11 - Ошибка описания модуля "phpcatcom.testmodule"
2025-07-03 01:14:06 -  - exec CUpdateClientPartner::GetUpdatesList
2025-07-03 01:14:06 -  - exec CUpdateClientPartner::__CollectRequestData
2025-07-03 01:14:06 - Ux11 - Ошибка описания модуля "phpcatcom.testmodule"
2025-07-03 01:14:06 - NCRD01 - [Ux11] Ошибка описания модуля "phpcatcom.testmodule". 
2025-07-03 01:14:06 - GUL01 - Empty query list
2025-07-03 01:14:06 - Ux11 - Ошибка описания модуля "phpcatcom.testmodule"
2025-07-03 08:39:08 - Ux11 - Ошибка описания модуля "phpcatcom.testmodule"
2025-07-03 08:39:08 -  - exec CUpdateClientPartner::GetUpdatesList
2025-07-03 08:39:08 -  - exec CUpdateClientPartner::__CollectRequestData
2025-07-03 08:39:08 - Ux11 - Ошибка описания модуля "phpcatcom.testmodule"
2025-07-03 08:39:08 - NCRD01 - [Ux11] Ошибка описания модуля "phpcatcom.testmodule". 
2025-07-03 08:39:08 - GUL01 - Empty query list
2025-07-03 08:39:08 - Ux11 - Ошибка описания модуля "phpcatcom.testmodule"
2025-07-03 08:40:23 - Ux11 - Ошибка описания модуля "phpcatcom.testmodule"
2025-07-03 08:40:23 -  - exec CUpdateClientPartner::GetUpdatesList
2025-07-03 08:40:23 -  - exec CUpdateClientPartner::__CollectRequestData
2025-07-03 08:40:23 - Ux11 - Ошибка описания модуля "phpcatcom.testmodule"
2025-07-03 08:40:23 - NCRD01 - [Ux11] Ошибка описания модуля "phpcatcom.testmodule". 
2025-07-03 08:40:23 - GUL01 - Empty query list
2025-07-03 08:40:23 - Ux11 - Ошибка описания модуля "phpcatcom.testmodule"
2025-07-03 08:40:27 - Ux11 - Ошибка описания модуля "phpcatcom.testmodule"
2025-07-03 08:40:27 -  - exec CUpdateClientPartner::GetUpdatesList
2025-07-03 08:40:27 -  - exec CUpdateClientPartner::__CollectRequestData
2025-07-03 08:40:27 - Ux11 - Ошибка описания модуля "phpcatcom.testmodule"
2025-07-03 08:40:27 - NCRD01 - [Ux11] Ошибка описания модуля "phpcatcom.testmodule". 
2025-07-03 08:40:27 - GUL01 - Empty query list
2025-07-03 08:40:27 - Ux11 - Ошибка описания модуля "phpcatcom.testmodule"
2025-07-03 08:41:34 - Ux11 - Ошибка описания модуля "phpcatcom.testmodule"
2025-07-03 08:41:34 -  - exec CUpdateClientPartner::GetUpdatesList
2025-07-03 08:41:34 -  - exec CUpdateClientPartner::__CollectRequestData
2025-07-03 08:41:34 - Ux11 - Ошибка описания модуля "phpcatcom.testmodule"
2025-07-03 08:41:34 - NCRD01 - [Ux11] Ошибка описания модуля "phpcatcom.testmodule". 
2025-07-03 08:41:34 - GUL01 - Empty query list
2025-07-03 08:41:34 - Ux11 - Ошибка описания модуля "phpcatcom.testmodule"
2025-07-03 08:41:36 - Ux11 - Ошибка описания модуля "phpcatcom.testmodule"
2025-07-03 08:41:36 -  - exec CUpdateClientPartner::GetUpdatesList
2025-07-03 08:41:36 -  - exec CUpdateClientPartner::__CollectRequestData
2025-07-03 08:41:36 - Ux11 - Ошибка описания модуля "phpcatcom.testmodule"
2025-07-03 08:41:36 - NCRD01 - [Ux11] Ошибка описания модуля "phpcatcom.testmodule". 
2025-07-03 08:41:36 - GUL01 - Empty query list
2025-07-03 08:41:36 - Ux11 - Ошибка описания модуля "phpcatcom.testmodule"
2025-07-03 08:43:01 - Ux11 - Ошибка описания модуля "phpcatcom.testmodule"
2025-07-03 08:43:01 -  - exec CUpdateClientPartner::GetUpdatesList
2025-07-03 08:43:01 -  - exec CUpdateClientPartner::__CollectRequestData
2025-07-03 08:43:01 - Ux11 - Ошибка описания модуля "phpcatcom.testmodule"
2025-07-03 08:43:01 - NCRD01 - [Ux11] Ошибка описания модуля "phpcatcom.testmodule". 
2025-07-03 08:43:01 - GUL01 - Empty query list
2025-07-03 08:43:01 - Ux11 - Ошибка описания модуля "phpcatcom.testmodule"
2025-07-03 08:50:24 - Ux11 - Ошибка описания модуля "phpcatcom.testmodule"
2025-07-03 08:50:24 -  - exec CUpdateClientPartner::GetUpdatesList
2025-07-03 08:50:24 -  - exec CUpdateClientPartner::__CollectRequestData
2025-07-03 08:50:24 - Ux11 - Ошибка описания модуля "phpcatcom.testmodule"
2025-07-03 08:50:24 - NCRD01 - [Ux11] Ошибка описания модуля "phpcatcom.testmodule". 
2025-07-03 08:50:24 - GUL01 - Empty query list
2025-07-03 08:50:24 - Ux11 - Ошибка описания модуля "phpcatcom.testmodule"
2025-07-03 08:50:26 - Ux11 - Ошибка описания модуля "phpcatcom.testmodule"
2025-07-03 08:50:26 -  - exec CUpdateClientPartner::GetUpdatesList
2025-07-03 08:50:26 -  - exec CUpdateClientPartner::__CollectRequestData
2025-07-03 08:50:26 - Ux11 - Ошибка описания модуля "phpcatcom.testmodule"
2025-07-03 08:50:26 - NCRD01 - [Ux11] Ошибка описания модуля "phpcatcom.testmodule". 
2025-07-03 08:50:26 - GUL01 - Empty query list
2025-07-03 08:50:26 - Ux11 - Ошибка описания модуля "phpcatcom.testmodule"
2025-07-03 08:50:30 - Ux11 - Ошибка описания модуля "phpcatcom.testmodule"
2025-07-03 08:50:30 -  - exec CUpdateClientPartner::GetUpdatesList
2025-07-03 08:50:30 -  - exec CUpdateClientPartner::__CollectRequestData
2025-07-03 08:50:30 - Ux11 - Ошибка описания модуля "phpcatcom.testmodule"
2025-07-03 08:50:30 - NCRD01 - [Ux11] Ошибка описания модуля "phpcatcom.testmodule". 
2025-07-03 08:50:30 - GUL01 - Empty query list
2025-07-03 08:50:30 - Ux11 - Ошибка описания модуля "phpcatcom.testmodule"
2025-07-03 08:50:32 - Ux11 - Ошибка описания модуля "phpcatcom.testmodule"
2025-07-03 08:50:32 -  - exec CUpdateClientPartner::GetUpdatesList
2025-07-03 08:50:32 -  - exec CUpdateClientPartner::__CollectRequestData
2025-07-03 08:50:32 - Ux11 - Ошибка описания модуля "phpcatcom.testmodule"
2025-07-03 08:50:32 - NCRD01 - [Ux11] Ошибка описания модуля "phpcatcom.testmodule". 
2025-07-03 08:50:32 - GUL01 - Empty query list
2025-07-03 08:50:32 - Ux11 - Ошибка описания модуля "phpcatcom.testmodule"
2025-07-03 08:55:25 -  - exec CUpdateClientPartner::GetUpdatesList
2025-07-03 08:55:25 -  - exec CUpdateClientPartner::__CollectRequestData
2025-07-03 08:55:25 -  - utf=Y&lang=ru&stable=Y&CANGZIP=Y&SUPD_DBS=MYSQL&XE=N&CLIENT_SITE=module.loc&LICENSE_KEY=X&SUPD_STS=1&SUPD_URS=0&TYPENC=D&CLIENT_PHPVER=8.3.22&NGINX=Y&dbv=8.4.5&instm=main%2C25.100.500%2CY%3Bb24connector%2C24.0.100%2CN%3Bbitrix.sitecorporate%2C24.0.0%2CN%3Bbitrixcloud%2C25.0.0%2CN%3Bclouds%2C25.100.0%2CN%3Bfileman%2C25.0.0%2CN%3Bhighloadblock%2C24.100.0%2CN%3Biblock%2C25.0.100%2CN%3Blanding%2C24.800.300%2CN%3Blocation%2C25.100.0%2CN%3Bmessageservice%2C24.900.100%2CN%3Bperfmon%2C24.200.0%2CN%3Brest%2C25.300.100%2CN%3Bsearch%2C25.0.0%2CN%3Bsecurity%2C24.0.300%2CN%3Bseo%2C24.700.100%2CN%3Bsocialservices%2C24.200.100%2CN%3Btranslate%2C25.0.0%2CN%3Bui%2C25.50.200%2CN&reqm=bitrix.sitecorporate&fullmoduleinfo=Y&SUPD_SRS=RU&SUPD_CMP=N
2025-07-03 08:55:25 -  - exec CUpdateClientPartner::GetHTTPPage
2025-07-03 08:55:29 -  - TIME GetUpdatesList(request) 4.12 sec
2025-07-03 08:55:29 -  - exec CUpdateClientPartner::ParseServerData
2025-07-03 08:55:56 -  - exec CUpdateClientPartner::GetUpdatesList
2025-07-03 08:55:56 -  - exec CUpdateClientPartner::__CollectRequestData
2025-07-03 08:55:56 -  - utf=Y&lang=ru&stable=Y&CANGZIP=Y&SUPD_DBS=MYSQL&XE=N&CLIENT_SITE=module.loc&LICENSE_KEY=X&SUPD_STS=1&SUPD_URS=0&TYPENC=D&CLIENT_PHPVER=8.3.22&NGINX=Y&dbv=8.4.5&instm=main%2C25.100.500%2CY%3Bb24connector%2C24.0.100%2CN%3Bbitrix.sitecorporate%2C24.0.0%2CN%3Bbitrixcloud%2C25.0.0%2CN%3Bclouds%2C25.100.0%2CN%3Bfileman%2C25.0.0%2CN%3Bhighloadblock%2C24.100.0%2CN%3Biblock%2C25.0.100%2CN%3Blanding%2C24.800.300%2CN%3Blocation%2C25.100.0%2CN%3Bmessageservice%2C24.900.100%2CN%3Bperfmon%2C24.200.0%2CN%3Brest%2C25.300.100%2CN%3Bsearch%2C25.0.0%2CN%3Bsecurity%2C24.0.300%2CN%3Bseo%2C24.700.100%2CN%3Bsocialservices%2C24.200.100%2CN%3Btranslate%2C25.0.0%2CN%3Bui%2C25.50.200%2CN&reqm=bitrix.sitecorporate&fullmoduleinfo=Y&SUPD_SRS=RU&SUPD_CMP=N
2025-07-03 08:55:56 -  - exec CUpdateClientPartner::GetHTTPPage
2025-07-03 08:55:56 -  - TIME GetUpdatesList(request) 0.327 sec
2025-07-03 08:55:56 -  - exec CUpdateClientPartner::ParseServerData
2025-07-03 08:56:24 -  - exec CUpdateClientPartner::GetUpdatesList
2025-07-03 08:56:24 -  - exec CUpdateClientPartner::__CollectRequestData
2025-07-03 08:56:24 -  - utf=Y&lang=ru&stable=Y&CANGZIP=Y&SUPD_DBS=MYSQL&XE=N&CLIENT_SITE=module.loc&LICENSE_KEY=X&SUPD_STS=1&SUPD_URS=0&TYPENC=D&CLIENT_PHPVER=8.3.22&NGINX=Y&dbv=8.4.5&instm=main%2C25.100.500%2CY%3Bb24connector%2C24.0.100%2CN%3Bbitrix.sitecorporate%2C24.0.0%2CN%3Bbitrixcloud%2C25.0.0%2CN%3Bclouds%2C25.100.0%2CN%3Bfileman%2C25.0.0%2CN%3Bhighloadblock%2C24.100.0%2CN%3Biblock%2C25.0.100%2CN%3Blanding%2C24.800.300%2CN%3Blocation%2C25.100.0%2CN%3Bmessageservice%2C24.900.100%2CN%3Bperfmon%2C24.200.0%2CN%3Brest%2C25.300.100%2CN%3Bsearch%2C25.0.0%2CN%3Bsecurity%2C24.0.300%2CN%3Bseo%2C24.700.100%2CN%3Bsocialservices%2C24.200.100%2CN%3Btranslate%2C25.0.0%2CN%3Bui%2C25.50.200%2CN&reqm=bitrix.sitecorporate&fullmoduleinfo=Y&SUPD_SRS=RU&SUPD_CMP=N
2025-07-03 08:56:24 -  - exec CUpdateClientPartner::GetHTTPPage
2025-07-03 08:56:24 -  - TIME GetUpdatesList(request) 0.335 sec
2025-07-03 08:56:24 -  - exec CUpdateClientPartner::ParseServerData
2025-07-03 08:56:44 -  - exec CUpdateClientPartner::GetUpdatesList
2025-07-03 08:56:44 -  - exec CUpdateClientPartner::__CollectRequestData
2025-07-03 08:56:44 -  - utf=Y&lang=ru&stable=Y&CANGZIP=Y&SUPD_DBS=MYSQL&XE=N&CLIENT_SITE=module.loc&LICENSE_KEY=X&SUPD_STS=1&SUPD_URS=0&TYPENC=D&CLIENT_PHPVER=8.3.22&NGINX=Y&dbv=8.4.5&instm=main%2C25.100.500%2CY%3Bb24connector%2C24.0.100%2CN%3Bbitrix.sitecorporate%2C24.0.0%2CN%3Bbitrixcloud%2C25.0.0%2CN%3Bclouds%2C25.100.0%2CN%3Bfileman%2C25.0.0%2CN%3Bhighloadblock%2C24.100.0%2CN%3Biblock%2C25.0.100%2CN%3Blanding%2C24.800.300%2CN%3Blocation%2C25.100.0%2CN%3Bmessageservice%2C24.900.100%2CN%3Bperfmon%2C24.200.0%2CN%3Brest%2C25.300.100%2CN%3Bsearch%2C25.0.0%2CN%3Bsecurity%2C24.0.300%2CN%3Bseo%2C24.700.100%2CN%3Bsocialservices%2C24.200.100%2CN%3Btranslate%2C25.0.0%2CN%3Bui%2C25.50.200%2CN&reqm=bitrix.sitecorporate&fullmoduleinfo=Y&SUPD_SRS=RU&SUPD_CMP=N
2025-07-03 08:56:44 -  - exec CUpdateClientPartner::GetHTTPPage
2025-07-03 08:56:44 -  - TIME GetUpdatesList(request) 0.314 sec
2025-07-03 08:56:44 -  - exec CUpdateClientPartner::ParseServerData
2025-07-03 09:04:42 -  - exec CUpdateClientPartner::GetUpdatesList
2025-07-03 09:04:42 -  - exec CUpdateClientPartner::__CollectRequestData
2025-07-03 09:04:42 -  - utf=Y&lang=ru&stable=Y&CANGZIP=Y&SUPD_DBS=MYSQL&XE=N&CLIENT_SITE=module.loc&LICENSE_KEY=X&SUPD_STS=1&SUPD_URS=0&TYPENC=D&CLIENT_PHPVER=8.3.22&NGINX=Y&dbv=8.4.5&instm=main%2C25.100.500%2CY%3Bb24connector%2C24.0.100%2CN%3Bbitrix.sitecorporate%2C24.0.0%2CN%3Bbitrixcloud%2C25.0.0%2CN%3Bclouds%2C25.100.0%2CN%3Bfileman%2C25.0.0%2CN%3Bhighloadblock%2C24.100.0%2CN%3Biblock%2C25.0.100%2CN%3Blanding%2C24.800.300%2CN%3Blocation%2C25.100.0%2CN%3Bmessageservice%2C24.900.100%2CN%3Bperfmon%2C24.200.0%2CN%3Brest%2C25.300.100%2CN%3Bsearch%2C25.0.0%2CN%3Bsecurity%2C24.0.300%2CN%3Bseo%2C24.700.100%2CN%3Bsocialservices%2C24.200.100%2CN%3Btranslate%2C25.0.0%2CN%3Bui%2C25.50.200%2CN&reqm=bitrix.sitecorporate&fullmoduleinfo=Y&SUPD_SRS=RU&SUPD_CMP=N
2025-07-03 09:04:42 -  - exec CUpdateClientPartner::GetHTTPPage
2025-07-03 09:04:43 -  - TIME GetUpdatesList(request) 0.377 sec
2025-07-03 09:04:43 -  - exec CUpdateClientPartner::ParseServerData
2025-07-03 09:04:43 -  - exec CUpdateClientPartner::GetUpdatesList
2025-07-03 09:04:43 -  - exec CUpdateClientPartner::__CollectRequestData
2025-07-03 09:04:43 -  - utf=Y&lang=ru&stable=Y&CANGZIP=Y&SUPD_DBS=MYSQL&XE=N&CLIENT_SITE=module.loc&LICENSE_KEY=X&SUPD_STS=1&SUPD_URS=0&TYPENC=D&CLIENT_PHPVER=8.3.22&NGINX=Y&dbv=8.4.5&instm=main%2C25.100.500%2CY%3Bb24connector%2C24.0.100%2CN%3Bbitrix.sitecorporate%2C24.0.0%2CN%3Bbitrixcloud%2C25.0.0%2CN%3Bclouds%2C25.100.0%2CN%3Bfileman%2C25.0.0%2CN%3Bhighloadblock%2C24.100.0%2CN%3Biblock%2C25.0.100%2CN%3Blanding%2C24.800.300%2CN%3Blocation%2C25.100.0%2CN%3Bmessageservice%2C24.900.100%2CN%3Bperfmon%2C24.200.0%2CN%3Brest%2C25.300.100%2CN%3Bsearch%2C25.0.0%2CN%3Bsecurity%2C24.0.300%2CN%3Bseo%2C24.700.100%2CN%3Bsocialservices%2C24.200.100%2CN%3Btranslate%2C25.0.0%2CN%3Bui%2C25.50.200%2CN&reqm=bitrix.sitecorporate&fullmoduleinfo=Y&SUPD_SRS=RU&SUPD_CMP=N
2025-07-03 09:04:43 -  - exec CUpdateClientPartner::GetHTTPPage
2025-07-03 09:04:43 -  - TIME GetUpdatesList(request) 0.313 sec
2025-07-03 09:04:43 -  - exec CUpdateClientPartner::ParseServerData
2025-07-03 09:05:55 -  - exec CUpdateClientPartner::GetUpdatesList
2025-07-03 09:05:55 -  - exec CUpdateClientPartner::__CollectRequestData
2025-07-03 09:05:55 -  - utf=Y&lang=ru&stable=Y&CANGZIP=Y&SUPD_DBS=MYSQL&XE=N&CLIENT_SITE=module.loc&LICENSE_KEY=X&SUPD_STS=1&SUPD_URS=0&TYPENC=D&CLIENT_PHPVER=8.3.22&NGINX=Y&dbv=8.4.5&instm=main%2C25.100.500%2CY%3Bb24connector%2C24.0.100%2CN%3Bbitrix.sitecorporate%2C24.0.0%2CN%3Bbitrixcloud%2C25.0.0%2CN%3Bclouds%2C25.100.0%2CN%3Bfileman%2C25.0.0%2CN%3Bhighloadblock%2C24.100.0%2CN%3Biblock%2C25.0.100%2CN%3Blanding%2C24.800.300%2CN%3Blocation%2C25.100.0%2CN%3Bmessageservice%2C24.900.100%2CN%3Bperfmon%2C24.200.0%2CN%3Brest%2C25.300.100%2CN%3Bsearch%2C25.0.0%2CN%3Bsecurity%2C24.0.300%2CN%3Bseo%2C24.700.100%2CN%3Bsocialservices%2C24.200.100%2CN%3Btranslate%2C25.0.0%2CN%3Bui%2C25.50.200%2CN&reqm=bitrix.sitecorporate&fullmoduleinfo=Y&SUPD_SRS=RU&SUPD_CMP=N
2025-07-03 09:05:55 -  - exec CUpdateClientPartner::GetHTTPPage
2025-07-03 09:05:55 -  - TIME GetUpdatesList(request) 0.321 sec
2025-07-03 09:05:55 -  - exec CUpdateClientPartner::ParseServerData
2025-07-03 09:06:31 -  - exec CUpdateClientPartner::GetUpdatesList
2025-07-03 09:06:31 -  - exec CUpdateClientPartner::__CollectRequestData
2025-07-03 09:06:31 -  - utf=Y&lang=ru&stable=Y&CANGZIP=Y&SUPD_DBS=MYSQL&XE=N&CLIENT_SITE=module.loc&LICENSE_KEY=X&SUPD_STS=1&SUPD_URS=0&TYPENC=D&CLIENT_PHPVER=8.3.22&NGINX=Y&dbv=8.4.5&instm=main%2C25.100.500%2CY%3Bb24connector%2C24.0.100%2CN%3Bbitrix.sitecorporate%2C24.0.0%2CN%3Bbitrixcloud%2C25.0.0%2CN%3Bclouds%2C25.100.0%2CN%3Bfileman%2C25.0.0%2CN%3Bhighloadblock%2C24.100.0%2CN%3Biblock%2C25.0.100%2CN%3Blanding%2C24.800.300%2CN%3Blocation%2C25.100.0%2CN%3Bmessageservice%2C24.900.100%2CN%3Bperfmon%2C24.200.0%2CN%3Brest%2C25.300.100%2CN%3Bsearch%2C25.0.0%2CN%3Bsecurity%2C24.0.300%2CN%3Bseo%2C24.700.100%2CN%3Bsocialservices%2C24.200.100%2CN%3Btranslate%2C25.0.0%2CN%3Bui%2C25.50.200%2CN&reqm=bitrix.sitecorporate&fullmoduleinfo=Y&SUPD_SRS=RU&SUPD_CMP=N
2025-07-03 09:06:31 -  - exec CUpdateClientPartner::GetHTTPPage
2025-07-03 09:06:31 -  - TIME GetUpdatesList(request) 0.316 sec
2025-07-03 09:06:31 -  - exec CUpdateClientPartner::ParseServerData
2025-07-03 09:06:35 -  - exec CUpdateClientPartner::GetUpdatesList
2025-07-03 09:06:35 -  - exec CUpdateClientPartner::__CollectRequestData
2025-07-03 09:06:35 -  - utf=Y&lang=ru&stable=Y&CANGZIP=Y&SUPD_DBS=MYSQL&XE=N&CLIENT_SITE=module.loc&LICENSE_KEY=X&SUPD_STS=1&SUPD_URS=0&TYPENC=D&CLIENT_PHPVER=8.3.22&NGINX=Y&dbv=8.4.5&instm=main%2C25.100.500%2CY%3Bb24connector%2C24.0.100%2CN%3Bbitrix.sitecorporate%2C24.0.0%2CN%3Bbitrixcloud%2C25.0.0%2CN%3Bclouds%2C25.100.0%2CN%3Bfileman%2C25.0.0%2CN%3Bhighloadblock%2C24.100.0%2CN%3Biblock%2C25.0.100%2CN%3Blanding%2C24.800.300%2CN%3Blocation%2C25.100.0%2CN%3Bmessageservice%2C24.900.100%2CN%3Bperfmon%2C24.200.0%2CN%3Brest%2C25.300.100%2CN%3Bsearch%2C25.0.0%2CN%3Bsecurity%2C24.0.300%2CN%3Bseo%2C24.700.100%2CN%3Bsocialservices%2C24.200.100%2CN%3Btranslate%2C25.0.0%2CN%3Bui%2C25.50.200%2CN&reqm=bitrix.sitecorporate&fullmoduleinfo=Y&SUPD_SRS=RU&SUPD_CMP=N
2025-07-03 09:06:35 -  - exec CUpdateClientPartner::GetHTTPPage
2025-07-03 09:06:36 -  - TIME GetUpdatesList(request) 0.44 sec
2025-07-03 09:06:36 -  - exec CUpdateClientPartner::ParseServerData
2025-07-03 09:06:42 -  - exec CUpdateClientPartner::GetUpdatesList
2025-07-03 09:06:42 -  - exec CUpdateClientPartner::__CollectRequestData
2025-07-03 09:06:42 -  - utf=Y&lang=ru&stable=Y&CANGZIP=Y&SUPD_DBS=MYSQL&XE=N&CLIENT_SITE=module.loc&LICENSE_KEY=X&SUPD_STS=1&SUPD_URS=0&TYPENC=D&CLIENT_PHPVER=8.3.22&NGINX=Y&dbv=8.4.5&instm=main%2C25.100.500%2CY%3Bb24connector%2C24.0.100%2CN%3Bbitrix.sitecorporate%2C24.0.0%2CN%3Bbitrixcloud%2C25.0.0%2CN%3Bclouds%2C25.100.0%2CN%3Bfileman%2C25.0.0%2CN%3Bhighloadblock%2C24.100.0%2CN%3Biblock%2C25.0.100%2CN%3Blanding%2C24.800.300%2CN%3Blocation%2C25.100.0%2CN%3Bmessageservice%2C24.900.100%2CN%3Bperfmon%2C24.200.0%2CN%3Brest%2C25.300.100%2CN%3Bsearch%2C25.0.0%2CN%3Bsecurity%2C24.0.300%2CN%3Bseo%2C24.700.100%2CN%3Bsocialservices%2C24.200.100%2CN%3Btranslate%2C25.0.0%2CN%3Bui%2C25.50.200%2CN&reqm=bitrix.sitecorporate&fullmoduleinfo=Y&SUPD_SRS=RU&SUPD_CMP=N
2025-07-03 09:06:42 -  - exec CUpdateClientPartner::GetHTTPPage
2025-07-03 09:06:42 -  - TIME GetUpdatesList(request) 0.296 sec
2025-07-03 09:06:42 -  - exec CUpdateClientPartner::ParseServerData
2025-07-03 12:44:01 -  - exec CUpdateClientPartner::GetUpdatesList
2025-07-03 12:44:01 -  - exec CUpdateClientPartner::__CollectRequestData
2025-07-03 12:44:01 -  - utf=Y&lang=ru&stable=Y&CANGZIP=Y&SUPD_DBS=MYSQL&XE=N&CLIENT_SITE=module.loc&LICENSE_KEY=X&SUPD_STS=1&SUPD_URS=0&TYPENC=D&CLIENT_PHPVER=8.3.22&NGINX=Y&dbv=8.4.5&instm=main%2C25.100.500%2CY%3Bb24connector%2C24.0.100%2CN%3Bbitrix.sitecorporate%2C24.0.0%2CN%3Bbitrixcloud%2C25.0.0%2CN%3Bclouds%2C25.100.0%2CN%3Bfileman%2C25.0.0%2CN%3Bhighloadblock%2C24.100.0%2CN%3Biblock%2C25.0.100%2CN%3Blanding%2C24.800.300%2CN%3Blocation%2C25.100.0%2CN%3Bmessageservice%2C24.900.100%2CN%3Bperfmon%2C24.200.0%2CN%3Brest%2C25.300.100%2CN%3Bsearch%2C25.0.0%2CN%3Bsecurity%2C24.0.300%2CN%3Bseo%2C24.700.100%2CN%3Bsocialservices%2C24.200.100%2CN%3Btranslate%2C25.0.0%2CN%3Bui%2C25.50.200%2CN&reqm=bitrix.sitecorporate&fullmoduleinfo=Y&SUPD_SRS=RU&SUPD_CMP=N
2025-07-03 12:44:01 -  - exec CUpdateClientPartner::GetHTTPPage
2025-07-03 12:44:02 -  - TIME GetUpdatesList(request) 0.513 sec
2025-07-03 12:44:02 -  - exec CUpdateClientPartner::ParseServerData
2025-07-03 23:08:01 -  - exec CUpdateClientPartner::GetUpdatesList
2025-07-03 23:08:01 -  - exec CUpdateClientPartner::__CollectRequestData
2025-07-03 23:08:01 -  - utf=Y&lang=ru&stable=Y&CANGZIP=Y&SUPD_DBS=MYSQL&XE=N&CLIENT_SITE=module.loc&LICENSE_KEY=X&SUPD_STS=1&SUPD_URS=0&TYPENC=D&CLIENT_PHPVER=8.3.22&NGINX=Y&dbv=8.4.5&instm=main%2C25.100.500%2CY%3Bb24connector%2C24.0.100%2CN%3Bbitrix.sitecorporate%2C24.0.0%2CN%3Bbitrixcloud%2C25.0.0%2CN%3Bclouds%2C25.100.0%2CN%3Bfileman%2C25.0.0%2CN%3Bhighloadblock%2C24.100.0%2CN%3Biblock%2C25.0.100%2CN%3Blanding%2C24.800.300%2CN%3Blocation%2C25.100.0%2CN%3Bmessageservice%2C24.900.100%2CN%3Bperfmon%2C24.200.0%2CN%3Brest%2C25.300.100%2CN%3Bsearch%2C25.0.0%2CN%3Bsecurity%2C24.0.300%2CN%3Bseo%2C24.700.100%2CN%3Bsocialservices%2C24.200.100%2CN%3Btranslate%2C25.0.0%2CN%3Bui%2C25.50.200%2CN&reqm=bitrix.sitecorporate&fullmoduleinfo=Y&SUPD_SRS=RU&SUPD_CMP=N
2025-07-03 23:08:01 -  - exec CUpdateClientPartner::GetHTTPPage
2025-07-03 23:08:01 -  - TIME GetUpdatesList(request) 0.388 sec
2025-07-03 23:08:01 -  - exec CUpdateClientPartner::ParseServerData
2025-07-03 23:11:52 -  - exec CUpdateClientPartner::GetUpdatesList
2025-07-03 23:11:52 -  - exec CUpdateClientPartner::__CollectRequestData
2025-07-03 23:11:52 -  - utf=Y&lang=ru&stable=Y&CANGZIP=Y&SUPD_DBS=MYSQL&XE=N&CLIENT_SITE=module.loc&LICENSE_KEY=X&SUPD_STS=1&SUPD_URS=0&TYPENC=D&CLIENT_PHPVER=8.3.22&NGINX=Y&dbv=8.4.5&instm=main%2C25.100.500%2CY%3Bb24connector%2C24.0.100%2CN%3Bbitrix.sitecorporate%2C24.0.0%2CN%3Bbitrixcloud%2C25.0.0%2CN%3Bclouds%2C25.100.0%2CN%3Bfileman%2C25.0.0%2CN%3Bhighloadblock%2C24.100.0%2CN%3Biblock%2C25.0.100%2CN%3Blanding%2C24.800.300%2CN%3Blocation%2C25.100.0%2CN%3Bmessageservice%2C24.900.100%2CN%3Bperfmon%2C24.200.0%2CN%3Brest%2C25.300.100%2CN%3Bsearch%2C25.0.0%2CN%3Bsecurity%2C24.0.300%2CN%3Bseo%2C24.700.100%2CN%3Bsocialservices%2C24.200.100%2CN%3Btranslate%2C25.0.0%2CN%3Bui%2C25.50.200%2CN&reqm=bitrix.sitecorporate&fullmoduleinfo=Y&SUPD_SRS=RU&SUPD_CMP=N
2025-07-03 23:11:52 -  - exec CUpdateClientPartner::GetHTTPPage
2025-07-03 23:11:59 -  - TIME GetUpdatesList(request) 6.643 sec
2025-07-03 23:11:59 -  - exec CUpdateClientPartner::ParseServerData
2025-07-03 23:12:04 -  - exec CUpdateClientPartner::GetUpdatesList
2025-07-03 23:12:04 -  - exec CUpdateClientPartner::__CollectRequestData
2025-07-03 23:12:04 -  - utf=Y&lang=ru&stable=Y&CANGZIP=Y&SUPD_DBS=MYSQL&XE=N&CLIENT_SITE=module.loc&LICENSE_KEY=X&SUPD_STS=1&SUPD_URS=0&TYPENC=D&CLIENT_PHPVER=8.3.22&NGINX=Y&dbv=8.4.5&instm=main%2C25.100.500%2CY%3Bb24connector%2C24.0.100%2CN%3Bbitrix.sitecorporate%2C24.0.0%2CN%3Bbitrixcloud%2C25.0.0%2CN%3Bclouds%2C25.100.0%2CN%3Bfileman%2C25.0.0%2CN%3Bhighloadblock%2C24.100.0%2CN%3Biblock%2C25.0.100%2CN%3Blanding%2C24.800.300%2CN%3Blocation%2C25.100.0%2CN%3Bmessageservice%2C24.900.100%2CN%3Bperfmon%2C24.200.0%2CN%3Brest%2C25.300.100%2CN%3Bsearch%2C25.0.0%2CN%3Bsecurity%2C24.0.300%2CN%3Bseo%2C24.700.100%2CN%3Bsocialservices%2C24.200.100%2CN%3Btranslate%2C25.0.0%2CN%3Bui%2C25.50.200%2CN&reqm=bitrix.sitecorporate&fullmoduleinfo=Y&SUPD_SRS=RU&SUPD_CMP=N
2025-07-03 23:12:04 -  - exec CUpdateClientPartner::GetHTTPPage
2025-07-03 23:12:04 -  - TIME GetUpdatesList(request) 0.302 sec
2025-07-03 23:12:04 -  - exec CUpdateClientPartner::ParseServerData
2025-07-03 23:17:10 -  - exec CUpdateClientPartner::GetUpdatesList
2025-07-03 23:17:10 -  - exec CUpdateClientPartner::__CollectRequestData
2025-07-03 23:17:10 -  - utf=Y&lang=ru&stable=Y&CANGZIP=Y&SUPD_DBS=MYSQL&XE=N&CLIENT_SITE=module.loc&LICENSE_KEY=X&SUPD_STS=1&SUPD_URS=0&TYPENC=D&CLIENT_PHPVER=8.3.22&NGINX=Y&dbv=8.4.5&instm=main%2C25.100.500%2CY%3Bb24connector%2C24.0.100%2CN%3Bbitrix.sitecorporate%2C24.0.0%2CN%3Bbitrixcloud%2C25.0.0%2CN%3Bclouds%2C25.100.0%2CN%3Bfileman%2C25.0.0%2CN%3Bhighloadblock%2C24.100.0%2CN%3Biblock%2C25.0.100%2CN%3Blanding%2C24.800.300%2CN%3Blocation%2C25.100.0%2CN%3Bmessageservice%2C24.900.100%2CN%3Bperfmon%2C24.200.0%2CN%3Brest%2C25.300.100%2CN%3Bsearch%2C25.0.0%2CN%3Bsecurity%2C24.0.300%2CN%3Bseo%2C24.700.100%2CN%3Bsocialservices%2C24.200.100%2CN%3Btranslate%2C25.0.0%2CN%3Bui%2C25.50.200%2CN&reqm=bitrix.sitecorporate&fullmoduleinfo=Y&SUPD_SRS=RU&SUPD_CMP=N
2025-07-03 23:17:10 -  - exec CUpdateClientPartner::GetHTTPPage
2025-07-03 23:17:11 -  - TIME GetUpdatesList(request) 0.266 sec
2025-07-03 23:17:11 -  - exec CUpdateClientPartner::ParseServerData
2025-07-03 23:17:44 -  - exec CUpdateClientPartner::GetUpdatesList
2025-07-03 23:17:44 -  - exec CUpdateClientPartner::__CollectRequestData
2025-07-03 23:17:44 -  - utf=Y&lang=ru&stable=Y&CANGZIP=Y&SUPD_DBS=MYSQL&XE=N&CLIENT_SITE=module.loc&LICENSE_KEY=X&SUPD_STS=1&SUPD_URS=0&TYPENC=D&CLIENT_PHPVER=8.3.22&NGINX=Y&dbv=8.4.5&instm=main%2C25.100.500%2CY%3Bb24connector%2C24.0.100%2CN%3Bbitrix.sitecorporate%2C24.0.0%2CN%3Bbitrixcloud%2C25.0.0%2CN%3Bclouds%2C25.100.0%2CN%3Bfileman%2C25.0.0%2CN%3Bhighloadblock%2C24.100.0%2CN%3Biblock%2C25.0.100%2CN%3Blanding%2C24.800.300%2CN%3Blocation%2C25.100.0%2CN%3Bmessageservice%2C24.900.100%2CN%3Bperfmon%2C24.200.0%2CN%3Brest%2C25.300.100%2CN%3Bsearch%2C25.0.0%2CN%3Bsecurity%2C24.0.300%2CN%3Bseo%2C24.700.100%2CN%3Bsocialservices%2C24.200.100%2CN%3Btranslate%2C25.0.0%2CN%3Bui%2C25.50.200%2CN&reqm=bitrix.sitecorporate&fullmoduleinfo=Y&SUPD_SRS=RU&SUPD_CMP=N
2025-07-03 23:17:44 -  - exec CUpdateClientPartner::GetHTTPPage
2025-07-03 23:17:44 -  - TIME GetUpdatesList(request) 0.315 sec
2025-07-03 23:17:44 -  - exec CUpdateClientPartner::ParseServerData
2025-07-05 16:34:11 -  - exec CUpdateClientPartner::GetUpdatesList
2025-07-05 16:34:11 -  - exec CUpdateClientPartner::__CollectRequestData
2025-07-05 16:34:11 -  - utf=Y&lang=ru&stable=Y&CANGZIP=Y&SUPD_DBS=MYSQL&XE=N&CLIENT_SITE=module.loc&LICENSE_KEY=X&SUPD_STS=1&SUPD_URS=0&TYPENC=D&CLIENT_PHPVER=8.3.22&NGINX=Y&dbv=8.4.5&instm=main%2C25.100.500%2CY%3Bb24connector%2C24.0.100%2CN%3Bbitrix.sitecorporate%2C24.0.0%2CN%3Bbitrixcloud%2C25.0.0%2CN%3Bclouds%2C25.100.0%2CN%3Bfileman%2C25.0.0%2CN%3Bhighloadblock%2C24.100.0%2CN%3Biblock%2C25.0.100%2CN%3Blanding%2C24.800.300%2CN%3Blocation%2C25.100.0%2CN%3Bmessageservice%2C24.900.100%2CN%3Bperfmon%2C24.200.0%2CN%3Brest%2C25.300.100%2CN%3Bsearch%2C25.0.0%2CN%3Bsecurity%2C24.0.300%2CN%3Bseo%2C24.700.100%2CN%3Bsocialservices%2C24.200.100%2CN%3Btranslate%2C25.0.0%2CN%3Bui%2C25.50.200%2CN&reqm=bitrix.sitecorporate&fullmoduleinfo=Y&SUPD_SRS=RU&SUPD_CMP=N
2025-07-05 16:34:11 -  - exec CUpdateClientPartner::GetHTTPPage
2025-07-05 16:34:12 -  - TIME GetUpdatesList(request) 0.488 sec
2025-07-05 16:34:12 -  - exec CUpdateClientPartner::ParseServerData
2025-07-05 16:36:25 -  - exec CUpdateClientPartner::GetUpdatesList
2025-07-05 16:36:25 -  - exec CUpdateClientPartner::__CollectRequestData
2025-07-05 16:36:25 -  - utf=Y&lang=ru&stable=Y&CANGZIP=Y&SUPD_DBS=MYSQL&XE=N&CLIENT_SITE=module.loc&LICENSE_KEY=X&SUPD_STS=1&SUPD_URS=0&TYPENC=D&CLIENT_PHPVER=8.3.22&NGINX=Y&dbv=8.4.5&instm=main%2C25.100.500%2CY%3Bb24connector%2C24.0.100%2CN%3Bbitrix.sitecorporate%2C24.0.0%2CN%3Bbitrixcloud%2C25.0.0%2CN%3Bclouds%2C25.100.0%2CN%3Bfileman%2C25.0.0%2CN%3Bhighloadblock%2C24.100.0%2CN%3Biblock%2C25.0.100%2CN%3Blanding%2C24.800.300%2CN%3Blocation%2C25.100.0%2CN%3Bmessageservice%2C24.900.100%2CN%3Bperfmon%2C24.200.0%2CN%3Brest%2C25.300.100%2CN%3Bsearch%2C25.0.0%2CN%3Bsecurity%2C24.0.300%2CN%3Bseo%2C24.700.100%2CN%3Bsocialservices%2C24.200.100%2CN%3Btranslate%2C25.0.0%2CN%3Bui%2C25.50.200%2CN&reqm=bitrix.sitecorporate&fullmoduleinfo=Y&SUPD_SRS=RU&SUPD_CMP=N
2025-07-05 16:36:25 -  - exec CUpdateClientPartner::GetHTTPPage
2025-07-05 16:36:27 -  - TIME GetUpdatesList(request) 2.618 sec
2025-07-05 16:36:27 -  - exec CUpdateClientPartner::ParseServerData
2025-07-05 17:26:37 -  - exec CUpdateClientPartner::GetUpdatesList
2025-07-05 17:26:37 -  - exec CUpdateClientPartner::__CollectRequestData
2025-07-05 17:26:37 -  - utf=Y&lang=ru&stable=Y&CANGZIP=Y&SUPD_DBS=MYSQL&XE=N&CLIENT_SITE=module.loc&LICENSE_KEY=X&SUPD_STS=1&SUPD_URS=0&TYPENC=D&CLIENT_PHPVER=8.3.22&NGINX=Y&dbv=8.4.5&instm=main%2C25.100.500%2CY%3Bb24connector%2C24.0.100%2CN%3Bbitrix.sitecorporate%2C24.0.0%2CN%3Bbitrixcloud%2C25.0.0%2CN%3Bclouds%2C25.100.0%2CN%3Bfileman%2C25.0.0%2CN%3Bhighloadblock%2C24.100.0%2CN%3Biblock%2C25.0.100%2CN%3Blanding%2C24.800.300%2CN%3Blocation%2C25.100.0%2CN%3Bmessageservice%2C24.900.100%2CN%3Bperfmon%2C24.200.0%2CN%3Brest%2C25.300.100%2CN%3Bsearch%2C25.0.0%2CN%3Bsecurity%2C24.0.300%2CN%3Bseo%2C24.700.100%2CN%3Bsocialservices%2C24.200.100%2CN%3Btranslate%2C25.0.0%2CN%3Bui%2C25.50.200%2CN&reqm=bitrix.sitecorporate&fullmoduleinfo=Y&SUPD_SRS=RU&SUPD_CMP=N
2025-07-05 17:26:37 -  - exec CUpdateClientPartner::GetHTTPPage
2025-07-05 17:26:40 -  - TIME GetUpdatesList(request) 2.811 sec
2025-07-05 17:26:40 -  - exec CUpdateClientPartner::ParseServerData
2025-07-05 17:26:45 -  - exec CUpdateClientPartner::GetUpdatesList
2025-07-05 17:26:45 -  - exec CUpdateClientPartner::__CollectRequestData
2025-07-05 17:26:45 -  - utf=Y&lang=ru&stable=Y&CANGZIP=Y&SUPD_DBS=MYSQL&XE=N&CLIENT_SITE=module.loc&LICENSE_KEY=X&SUPD_STS=1&SUPD_URS=0&TYPENC=D&CLIENT_PHPVER=8.3.22&NGINX=Y&dbv=8.4.5&instm=main%2C25.100.500%2CY%3Bb24connector%2C24.0.100%2CN%3Bbitrix.sitecorporate%2C24.0.0%2CN%3Bbitrixcloud%2C25.0.0%2CN%3Bclouds%2C25.100.0%2CN%3Bfileman%2C25.0.0%2CN%3Bhighloadblock%2C24.100.0%2CN%3Biblock%2C25.0.100%2CN%3Blanding%2C24.800.300%2CN%3Blocation%2C25.100.0%2CN%3Bmessageservice%2C24.900.100%2CN%3Bperfmon%2C24.200.0%2CN%3Brest%2C25.300.100%2CN%3Bsearch%2C25.0.0%2CN%3Bsecurity%2C24.0.300%2CN%3Bseo%2C24.700.100%2CN%3Bsocialservices%2C24.200.100%2CN%3Btranslate%2C25.0.0%2CN%3Bui%2C25.50.200%2CN&reqm=bitrix.sitecorporate&fullmoduleinfo=Y&SUPD_SRS=RU&SUPD_CMP=N
2025-07-05 17:26:45 -  - exec CUpdateClientPartner::GetHTTPPage
2025-07-05 17:26:45 -  - TIME GetUpdatesList(request) 0.293 sec
2025-07-05 17:26:45 -  - exec CUpdateClientPartner::ParseServerData
2025-07-05 17:26:47 -  - exec CUpdateClientPartner::GetUpdatesList
2025-07-05 17:26:47 -  - exec CUpdateClientPartner::__CollectRequestData
2025-07-05 17:26:47 -  - utf=Y&lang=ru&stable=Y&CANGZIP=Y&SUPD_DBS=MYSQL&XE=N&CLIENT_SITE=module.loc&LICENSE_KEY=X&SUPD_STS=1&SUPD_URS=0&TYPENC=D&CLIENT_PHPVER=8.3.22&NGINX=Y&dbv=8.4.5&instm=main%2C25.100.500%2CY%3Bb24connector%2C24.0.100%2CN%3Bbitrix.sitecorporate%2C24.0.0%2CN%3Bbitrixcloud%2C25.0.0%2CN%3Bclouds%2C25.100.0%2CN%3Bfileman%2C25.0.0%2CN%3Bhighloadblock%2C24.100.0%2CN%3Biblock%2C25.0.100%2CN%3Blanding%2C24.800.300%2CN%3Blocation%2C25.100.0%2CN%3Bmessageservice%2C24.900.100%2CN%3Bperfmon%2C24.200.0%2CN%3Brest%2C25.300.100%2CN%3Bsearch%2C25.0.0%2CN%3Bsecurity%2C24.0.300%2CN%3Bseo%2C24.700.100%2CN%3Bsocialservices%2C24.200.100%2CN%3Btranslate%2C25.0.0%2CN%3Bui%2C25.50.200%2CN&reqm=bitrix.sitecorporate&fullmoduleinfo=Y&SUPD_SRS=RU&SUPD_CMP=N
2025-07-05 17:26:47 -  - exec CUpdateClientPartner::GetHTTPPage
2025-07-05 17:26:47 -  - TIME GetUpdatesList(request) 0.292 sec
2025-07-05 17:26:47 -  - exec CUpdateClientPartner::ParseServerData
2025-07-05 17:26:49 -  - exec CUpdateClientPartner::GetUpdatesList
2025-07-05 17:26:49 -  - exec CUpdateClientPartner::__CollectRequestData
2025-07-05 17:26:49 -  - utf=Y&lang=ru&stable=Y&CANGZIP=Y&SUPD_DBS=MYSQL&XE=N&CLIENT_SITE=module.loc&LICENSE_KEY=X&SUPD_STS=1&SUPD_URS=0&TYPENC=D&CLIENT_PHPVER=8.3.22&NGINX=Y&dbv=8.4.5&instm=main%2C25.100.500%2CY%3Bb24connector%2C24.0.100%2CN%3Bbitrix.sitecorporate%2C24.0.0%2CN%3Bbitrixcloud%2C25.0.0%2CN%3Bclouds%2C25.100.0%2CN%3Bfileman%2C25.0.0%2CN%3Bhighloadblock%2C24.100.0%2CN%3Biblock%2C25.0.100%2CN%3Blanding%2C24.800.300%2CN%3Blocation%2C25.100.0%2CN%3Bmessageservice%2C24.900.100%2CN%3Bperfmon%2C24.200.0%2CN%3Brest%2C25.300.100%2CN%3Bsearch%2C25.0.0%2CN%3Bsecurity%2C24.0.300%2CN%3Bseo%2C24.700.100%2CN%3Bsocialservices%2C24.200.100%2CN%3Btranslate%2C25.0.0%2CN%3Bui%2C25.50.200%2CN&reqm=bitrix.sitecorporate&fullmoduleinfo=Y&SUPD_SRS=RU&SUPD_CMP=N
2025-07-05 17:26:49 -  - exec CUpdateClientPartner::GetHTTPPage
2025-07-05 17:26:50 -  - TIME GetUpdatesList(request) 0.32 sec
2025-07-05 17:26:50 -  - exec CUpdateClientPartner::ParseServerData
2025-07-05 17:26:58 -  - exec CUpdateClientPartner::GetUpdatesList
2025-07-05 17:26:58 -  - exec CUpdateClientPartner::__CollectRequestData
2025-07-05 17:26:58 -  - utf=Y&lang=ru&stable=Y&CANGZIP=Y&SUPD_DBS=MYSQL&XE=N&CLIENT_SITE=module.loc&LICENSE_KEY=X&SUPD_STS=1&SUPD_URS=0&TYPENC=D&CLIENT_PHPVER=8.3.22&NGINX=Y&dbv=8.4.5&instm=main%2C25.100.500%2CY%3Bb24connector%2C24.0.100%2CN%3Bbitrix.sitecorporate%2C24.0.0%2CN%3Bbitrixcloud%2C25.0.0%2CN%3Bclouds%2C25.100.0%2CN%3Bfileman%2C25.0.0%2CN%3Bhighloadblock%2C24.100.0%2CN%3Biblock%2C25.0.100%2CN%3Blanding%2C24.800.300%2CN%3Blocation%2C25.100.0%2CN%3Bmessageservice%2C24.900.100%2CN%3Bperfmon%2C24.200.0%2CN%3Brest%2C25.300.100%2CN%3Bsearch%2C25.0.0%2CN%3Bsecurity%2C24.0.300%2CN%3Bseo%2C24.700.100%2CN%3Bsocialservices%2C24.200.100%2CN%3Btranslate%2C25.0.0%2CN%3Bui%2C25.50.200%2CN&reqm=bitrix.sitecorporate&fullmoduleinfo=Y&SUPD_SRS=RU&SUPD_CMP=N
2025-07-05 17:26:58 -  - exec CUpdateClientPartner::GetHTTPPage
2025-07-05 17:26:58 -  - TIME GetUpdatesList(request) 0.295 sec
2025-07-05 17:26:58 -  - exec CUpdateClientPartner::ParseServerData
2025-07-05 17:27:00 -  - exec CUpdateClientPartner::GetUpdatesList
2025-07-05 17:27:00 -  - exec CUpdateClientPartner::__CollectRequestData
2025-07-05 17:27:00 -  - utf=Y&lang=ru&stable=Y&CANGZIP=Y&SUPD_DBS=MYSQL&XE=N&CLIENT_SITE=module.loc&LICENSE_KEY=X&SUPD_STS=1&SUPD_URS=0&TYPENC=D&CLIENT_PHPVER=8.3.22&NGINX=Y&dbv=8.4.5&instm=main%2C25.100.500%2CY%3Bb24connector%2C24.0.100%2CN%3Bbitrix.sitecorporate%2C24.0.0%2CN%3Bbitrixcloud%2C25.0.0%2CN%3Bclouds%2C25.100.0%2CN%3Bfileman%2C25.0.0%2CN%3Bhighloadblock%2C24.100.0%2CN%3Biblock%2C25.0.100%2CN%3Blanding%2C24.800.300%2CN%3Blocation%2C25.100.0%2CN%3Bmessageservice%2C24.900.100%2CN%3Bperfmon%2C24.200.0%2CN%3Brest%2C25.300.100%2CN%3Bsearch%2C25.0.0%2CN%3Bsecurity%2C24.0.300%2CN%3Bseo%2C24.700.100%2CN%3Bsocialservices%2C24.200.100%2CN%3Btranslate%2C25.0.0%2CN%3Bui%2C25.50.200%2CN&reqm=bitrix.sitecorporate&fullmoduleinfo=Y&SUPD_SRS=RU&SUPD_CMP=N
2025-07-05 17:27:00 -  - exec CUpdateClientPartner::GetHTTPPage
2025-07-05 17:27:00 -  - TIME GetUpdatesList(request) 0.308 sec
2025-07-05 17:27:00 -  - exec CUpdateClientPartner::ParseServerData
2025-07-05 21:10:53 -  - exec CUpdateClientPartner::GetUpdatesList
2025-07-05 21:10:53 -  - exec CUpdateClientPartner::__CollectRequestData
2025-07-05 21:10:53 -  - utf=Y&lang=ru&stable=Y&CANGZIP=Y&SUPD_DBS=MYSQL&XE=N&CLIENT_SITE=module.loc&LICENSE_KEY=X&SUPD_STS=1&SUPD_URS=0&TYPENC=D&CLIENT_PHPVER=8.3.22&NGINX=Y&dbv=8.4.5&instm=main%2C25.100.500%2CY%3Bb24connector%2C24.0.100%2CN%3Bbitrix.sitecorporate%2C24.0.0%2CN%3Bbitrixcloud%2C25.0.0%2CN%3Bclouds%2C25.100.0%2CN%3Bfileman%2C25.0.0%2CN%3Bhighloadblock%2C24.100.0%2CN%3Biblock%2C25.0.100%2CN%3Blanding%2C24.800.300%2CN%3Blocation%2C25.100.0%2CN%3Bmessageservice%2C24.900.100%2CN%3Bperfmon%2C24.200.0%2CN%3Brest%2C25.300.100%2CN%3Bsearch%2C25.0.0%2CN%3Bsecurity%2C24.0.300%2CN%3Bseo%2C24.700.100%2CN%3Bsocialservices%2C24.200.100%2CN%3Btranslate%2C25.0.0%2CN%3Bui%2C25.50.200%2CN&reqm=bitrix.sitecorporate&fullmoduleinfo=Y&SUPD_SRS=RU&SUPD_CMP=N
2025-07-05 21:10:53 -  - exec CUpdateClientPartner::GetHTTPPage
2025-07-05 21:10:53 -  - TIME GetUpdatesList(request) 0.41 sec
2025-07-05 21:10:53 -  - exec CUpdateClientPartner::ParseServerData
2025-07-05 21:18:35 -  - exec CUpdateClientPartner::GetUpdatesList
2025-07-05 21:18:35 -  - exec CUpdateClientPartner::__CollectRequestData
2025-07-05 21:18:35 -  - utf=Y&lang=ru&stable=Y&CANGZIP=Y&SUPD_DBS=MYSQL&XE=N&CLIENT_SITE=module.loc&LICENSE_KEY=X&SUPD_STS=1&SUPD_URS=0&TYPENC=D&CLIENT_PHPVER=8.3.22&NGINX=Y&dbv=8.4.5&instm=main%2C25.100.500%2CY%3Bb24connector%2C24.0.100%2CN%3Bbitrix.sitecorporate%2C24.0.0%2CN%3Bbitrixcloud%2C25.0.0%2CN%3Bclouds%2C25.100.0%2CN%3Bfileman%2C25.0.0%2CN%3Bhighloadblock%2C24.100.0%2CN%3Biblock%2C25.0.100%2CN%3Blanding%2C24.800.300%2CN%3Blocation%2C25.100.0%2CN%3Bmessageservice%2C24.900.100%2CN%3Bperfmon%2C24.200.0%2CN%3Brest%2C25.300.100%2CN%3Bsearch%2C25.0.0%2CN%3Bsecurity%2C24.0.300%2CN%3Bseo%2C24.700.100%2CN%3Bsocialservices%2C24.200.100%2CN%3Btranslate%2C25.0.0%2CN%3Bui%2C25.50.200%2CN&reqm=bitrix.sitecorporate&fullmoduleinfo=Y&SUPD_SRS=RU&SUPD_CMP=N
2025-07-05 21:18:35 -  - exec CUpdateClientPartner::GetHTTPPage
2025-07-05 21:18:35 -  - TIME GetUpdatesList(request) 0.445 sec
2025-07-05 21:18:35 -  - exec CUpdateClientPartner::ParseServerData
